#
# A fatal error has been detected by the Java Runtime Environment:
#
#  EXCEPTION_ACCESS_VIOLATION (0xc0000005) at pc=0x00007ffd3ce9f011, pid=7176, tid=20104
#
# JRE version: Java(TM) SE Runtime Environment (25.0+37) (build 25+37-LTS-3491)
# Java VM: Java HotSpot(TM) 64-Bit Server VM (25+37-LTS-3491, mixed mode, sharing, tiered, compressed oops, compressed class ptrs, g1 gc, windows-amd64)
# Problematic frame:
# C  [awt.dll+0xdf011]
#
# No core dump will be written. Minidumps are not enabled by default on client versions of Windows
#
# If you would like to submit a bug report, please visit:
#   https://bugreport.java.com/bugreport/crash.jsp
# The crash happened outside the Java Virtual Machine in native code.
# See problematic frame for where to report the bug.
#

---------------  S U M M A R Y ------------

Command Line: -Dfile.encoding=UTF-8 -Dsun.jnu.encoding=UTF-8 -Dsun.stdout.encoding=UTF-8 -Dsun.stderr.encoding=UTF-8 -Dconsole.encoding=UTF-8 copercog.model.Copercog

Host: AMD Ryzen 5 3600 6-Core Processor              , 12 cores, 31G,  Windows 11 , 64 bit Build 26100 (10.0.26100.8246)
Time: Sun May  3 11:47:37 2026 Hora oficial do Brasil elapsed time: 163.616026 seconds (0d 0h 2m 43s)

---------------  T H R E A D  ---------------

Current thread (0x0000017326648eb0):  JavaThread "AWT-Windows" daemon [_thread_in_native, id=20104, stack(0x0000006068500000,0x0000006068600000) (1024K)]

Stack: [0x0000006068500000,0x0000006068600000],  sp=0x00000060685fec70,  free space=1019k
Native frames: (J=compiled Java code, j=interpreted, Vv=VM code, C=native code)
C  [awt.dll+0xdf011]  (no source info available)
C  [awt.dll+0x98b2c]  (no source info available)
C  [awt.dll+0x98bd6]  (no source info available)
C  [awt.dll+0x95f59]  (no source info available)
C  [awt.dll+0xe373b]  (no source info available)
C  [awt.dll+0xb2e4d]  (no source info available)
C  [awt.dll+0x99110]  (no source info available)
C  [USER32.dll+0xc396]  (no source info available)
C  [USER32.dll+0xbe5c]  (no source info available)
C  [awt.dll+0x16613]  (no source info available)
C  [COMCTL32.dll+0x2cec8]  (no source info available)
C  [COMCTL32.dll+0x2cc9f]  (no source info available)
C  [USER32.dll+0xc396]  (no source info available)
C  [USER32.dll+0xa7ed]  (no source info available)
C  [awt.dll+0xd839e]  (no source info available)
C  [awt.dll+0xda2c2]  (no source info available)
C  0x000001731449d193  (no source info available)

The last pc belongs to native method entry point (kind = native) (printed below).
Java frames: (J=compiled Java code, j=interpreted, Vv=VM code)
j  sun.awt.windows.WToolkit.eventLoop()V+0 java.desktop@25
j  sun.awt.windows.WToolkit.run()V+56 java.desktop@25
j  java.lang.Thread.runWith(Ljava/lang/Object;Ljava/lang/Runnable;)V+5 java.base@25
j  java.lang.Thread.run()V+19 java.base@25
v  ~StubRoutines::call_stub 0x00000173144912ed

siginfo: EXCEPTION_ACCESS_VIOLATION (0xc0000005), reading address 0x0000000040006708


Registers:
RAX=0x0000000040006700, RBX=0x0000017340d7cd80, RCX=0x0000000000000000, RDX=0x0000000000000000
RSP=0x00000060685fec70, RBP=0x00000060685fed89, RSI=0xffffffffba010a6b, RDI=0x0000000000000000
R8 =0x0000000000000001, R9 =0x0000006066aba000, R10=0x0000000000000000, R11=0x0000000000000246
R12=0x0000000000000000, R13=0x0000000000000001, R14=0x00000173442521f0, R15=0x0000000000000000
RIP=0x00007ffd3ce9f011, EFLAGS=0x0000000000010246

XMM[0]=0x0000000000000000 0x0000000000000000
XMM[1]=0x0000000000000000 0x0000000000000000
XMM[2]=0x0000000000000000 0x0000000000000000
XMM[3]=0x0000000000000000 0x0000000000000000
XMM[4]=0x0000000000000000 0x0000000000000000
XMM[5]=0x0000000000000000 0x0000000000000000
XMM[6]=0x0000000000000000 0x0000000000000000
XMM[7]=0x0000000000000000 0x0000000000000000
XMM[8]=0x0000000000000000 0x0000000000000000
XMM[9]=0x0000000000000000 0x0000000000000000
XMM[10]=0x0000000000000000 0x0000000000000000
XMM[11]=0x0000000000000000 0x0000000000000000
XMM[12]=0x0000000000000000 0x0000000000000000
XMM[13]=0x0000000000000000 0x0000000000000000
XMM[14]=0x0000000000000000 0x0000000000000000
XMM[15]=0x0000000000000000 0x0000000000000000
  MXCSR=0x00001fa0


Register to memory mapping:

RAX=0x0000000040006700 is pointing into metadata
RBX=0x0000017340d7cd80 points into unknown readable memory: 0x00000173432aa7d0 | d0 a7 2a 43 73 01 00 00
RCX=0x0 is null
RDX=0x0 is null
RSP=0x00000060685fec70 is pointing into the stack for thread: 0x0000017326648eb0
RBP=0x00000060685fed89 is pointing into the stack for thread: 0x0000017326648eb0
RSI=0xffffffffba010a6b is an unknown value
RDI=0x0 is null
R8 =0x0000000000000001 is an unknown value
R9 =0x0000006066aba000 points into unknown readable memory: 0x0000000000000000 | 00 00 00 00 00 00 00 00
R10=0x0 is null
R11=0x0000000000000246 is an unknown value
R12=0x0 is null
R13=0x0000000000000001 is an unknown value
R14=0x00000173442521f0 points into unknown readable memory: 0x00007ffd3cece8e0 | e0 e8 ec 3c fd 7f 00 00
R15=0x0 is null

Top of Stack: (sp=0x00000060685fec70)
0x00000060685fec70:   00007ffd3cefc838 ffffffffba010a6b   8..<....k.......
0x00000060685fec80:   00000173442521f0 00000173266492f8   .!%Ds.....d&s...
0x00000060685fec90:   0000000000000000 00007ffd3ce58b2c   ........,..<....
0x00000060685feca0:   ffffffffba010a6b 00000173442521f0   k........!%Ds...
0x00000060685fecb0:   0000017340d7cd80 00007ffd3cdd6613   ...@s....f.<....
0x00000060685fecc0:   00000173266492f8 00007ffd3ce58bd6   ..d&s......<....
0x00000060685fecd0:   0000017344252290 0000000000000001   ."%Ds...........
0x00000060685fece0:   0000000000000000 00000060685fec98   .........._h`...
0x00000060685fecf0:   00000173266492f8 00007ffd3ce55f59   ..d&s...Y_.<....
0x00000060685fed00:   0000017344252290 00000060685fede4   ."%Ds....._h`...
0x00000060685fed10:   0000000000000000 0000000000000000   ................
0x00000060685fed20:   00007ffd3ce590b0 00007ffd9293a45e   ...<....^.......
0x00000060685fed30:   00000173266492f8 00007ffd924fc9a9   ..d&s.....O.....
0x00000060685fed40:   0000006000000310 0000000000000000   ....`...........
0x00000060685fed50:   00000060685fede4 0000000000000000   .._h`...........
0x00000060685fed60:   0000000000000000 0000000000000000   ................
0x00000060685fed70:   0000017344252290 00000173266492f8   ."%Ds.....d&s...
0x00000060685fed80:   0000000000000000 0000000000000000   ................
0x00000060685fed90:   00003283f228d296 0000000000000000   ..(..2..........
0x00000060685feda0:   0000000000000000 0000000000000000   ................
0x00000060685fedb0:   0000000000000000 0000000000000000   ................
0x00000060685fedc0:   0000000000000000 0000000000000310   ................
0x00000060685fedd0:   0000000000000000 00000173442521f0   .........!%Ds...
0x00000060685fede0:   00000173442521f0 00007ffd3cea373b   .!%Ds...;7.<....
0x00000060685fedf0:   0000000000000000 00002fe4fdcaf397   ............./..
0x00000060685fee00:   0000fe0c9178d688 0000000000000022   ..x.....".......
0x00000060685fee10:   000000000000c1ca 0000000000000000   ................
0x00000060685fee20:   0000000000000000 00007ffd924cc569   ........i.L.....
0x00000060685fee30:   0000000000000000 0000000000000001   ................
0x00000060685fee40:   0000000000000022 00007ffd9292a69f   "...............
0x00000060685fee50:   00000000000f0356 00007ffd924cd7ba   V.........L.....
0x00000060685fee60:   ffffffffffffffeb 00003283f228d266   ........f.(..2..

Instructions: (pc=0x00007ffd3ce9f011)
  0x00007ffd3ce9ef11:   83 ec 28 66 0f 6e c2 0f 5b c0 f3 0f 59 41 48 0f
  0x00007ffd3ce9ef21:   5a c8 f2 0f 10 05 cd 3c 03 00 f2 0f 5c 0d 05 3d
  0x00007ffd3ce9ef31:   01 00 66 0f 2f c1 76 0a b8 00 00 00 80 48 83 c4
  0x00007ffd3ce9ef41:   28 c3 66 0f 2f 0d 75 86 02 00 76 0a b8 ff ff ff
  0x00007ffd3ce9ef51:   7f 48 83 c4 28 c3 0f 28 c1 e8 5b 07 01 00 f2 0f
  0x00007ffd3ce9ef61:   2c c0 48 83 c4 28 c3 cc cc cc cc cc cc cc cc 48
  0x00007ffd3ce9ef71:   83 ec 28 66 0f 6e c2 0f 5b c0 f3 0f 59 41 4c 0f
  0x00007ffd3ce9ef81:   5a c8 f2 0f 10 05 6d 3c 03 00 f2 0f 5c 0d a5 3c
  0x00007ffd3ce9ef91:   01 00 66 0f 2f c1 76 0a b8 00 00 00 80 48 83 c4
  0x00007ffd3ce9efa1:   28 c3 66 0f 2f 0d 15 86 02 00 76 0a b8 ff ff ff
  0x00007ffd3ce9efb1:   7f 48 83 c4 28 c3 0f 28 c1 e8 fb 06 01 00 f2 0f
  0x00007ffd3ce9efc1:   2c c0 48 83 c4 28 c3 cc cc cc cc cc cc cc cc 48
  0x00007ffd3ce9efd1:   8b 49 08 48 85 c9 0f 85 63 78 fe ff 33 c0 c3 48
  0x00007ffd3ce9efe1:   89 5c 24 08 48 89 74 24 10 57 48 83 ec 20 8b fa
  0x00007ffd3ce9eff1:   48 8b f1 e8 b7 93 f4 ff 48 8b d8 48 89 44 24 40
  0x00007ffd3ce9f001:   41 b8 01 00 00 00 8b d7 48 8b c8 e8 0f 93 f4 ff
=>0x00007ffd3ce9f011:   48 8b 48 08 48 85 c9 74 0d 48 8b d6 e8 1e 78 fe
  0x00007ffd3ce9f021:   ff 48 8b f8 eb 02 33 ff 48 8b cb e8 3f 95 f4 ff
  0x00007ffd3ce9f031:   90 48 8b c7 48 8b 5c 24 30 48 8b 74 24 38 48 83
  0x00007ffd3ce9f041:   c4 20 5f c3 cc cc cc cc cc cc cc cc cc cc cc 48
  0x00007ffd3ce9f051:   8b 01 89 10 c3 cc cc cc cc cc cc cc cc cc cc 40
  0x00007ffd3ce9f061:   57 48 83 ec 40 48 83 79 38 00 48 8b f9 0f 84 b9
  0x00007ffd3ce9f071:   01 00 00 48 8b 0d 85 9e 06 00 ba 02 00 01 00 48
  0x00007ffd3ce9f081:   89 5c 24 58 48 89 74 24 68 e8 d0 ce 00 00 4c 8b
  0x00007ffd3ce9f091:   05 b2 a3 06 00 48 8b c8 48 8b 57 38 48 8b d8 4c
  0x00007ffd3ce9f0a1:   8b 08 4d 8b 91 f8 02 00 00 41 ff d2 48 8b f0 48
  0x00007ffd3ce9f0b1:   85 c0 0f 84 6a 01 00 00 48 8b 0b 48 8b d0 4c 8b
  0x00007ffd3ce9f0c1:   05 72 a3 06 00 4c 8b 89 00 01 00 00 48 8b cb 41
  0x00007ffd3ce9f0d1:   ff d1 84 c0 0f 84 48 01 00 00 48 8b 03 48 8b d6
  0x00007ffd3ce9f0e1:   48 8b 7f 08 48 8b cb 4c 8b 05 61 a3 06 00 48 81
  0x00007ffd3ce9f0f1:   c7 00 04 00 00 48 89 6c 24 60 4c 8b 88 f8 02 00
  0x00007ffd3ce9f101:   00 4c 89 64 24 38 41 ff d1 48 8b 0b 48 8b d6 4c


Stack slot to memory mapping:

stack at sp + 0 slots: 0x00007ffd3cefc838 awt.dll
stack at sp + 1 slots: 0xffffffffba010a6b is an unknown value
stack at sp + 2 slots: 0x00000173442521f0 points into unknown readable memory: 0x00007ffd3cece8e0 | e0 e8 ec 3c fd 7f 00 00
stack at sp + 3 slots: 0x00000173266492f8 points into unknown readable memory: 0x00007ffd2b0b6b50 | 50 6b 0b 2b fd 7f 00 00
stack at sp + 4 slots: 0x0 is null
stack at sp + 5 slots: 0x00007ffd3ce58b2c awt.dll
stack at sp + 6 slots: 0xffffffffba010a6b is an unknown value
stack at sp + 7 slots: 0x00000173442521f0 points into unknown readable memory: 0x00007ffd3cece8e0 | e0 e8 ec 3c fd 7f 00 00

Lock stack of current Java thread (top to bottom):

native method entry point (kind = native)  [0x000001731449cdc0, 0x000001731449d8b8]  2808 bytes
[MachCode]
  0x000001731449cdc0: 488b 4b08 | 0fb7 492e | 584c 8d74 | ccf8 6800 | 0000 0068 | 0000 0000 | 5055 488b | ec41 5548 
  0x000001731449cde0: 8b43 084c | 8d68 3848 | 8b40 0868 | 0000 0000 | 5348 8b50 | 1848 8b52 | 7048 8b12 | 5248 8b53 
  0x000001731449ce00: 1048 85d2 | 7407 4881 | c2d0 0000 | 0052 488b | 5010 5249 | 8bc6 482b | c548 c1e8 | 0350 6800 
  0x000001731449ce20: 0000 0068 | f7ff ffff | 41c6 87f1 | 0400 0001 | 488b 4310 | 4885 c074 | 208b 8890 | 0000 0083 
  0x000001731449ce40: c102 8988 | 9000 0000 | 2388 a400 | 0000 0f84 | b209 0000 | e9cf 0000 | 0048 8b43 | 1848 85c0 
  0x000001731449ce60: 0f85 b000 | 0000 e805 | 0000 00e9 | 9900 0000 | 488b d348 | 8d44 2408 | 4c89 6dc0 | 498b cfc5 
  0x000001731449ce80: f877 4989 | af38 0400 | 0049 8987 | 2804 0000 | 4883 ec20 | 40f6 c40f | 0f84 1900 | 0000 4883 
  0x000001731449cea0: ec08 48b8 | e01e 842a | fd7f 0000 | ffd0 4883 | c408 e90c | 0000 0048 | b8e0 1e84 | 2afd 7f00 
  0x000001731449cec0: 00ff d048 | 83c4 2049 | c787 2804 | 0000 0000 | 0000 49c7 | 8738 0400 | 0000 0000 | 0049 c787 
  0x000001731449cee0: 3004 0000 | 0000 0000 | c5f8 7749 | 837f 0800 | 0f84 0500 | 0000 e9e5 | 42ff ff4c | 8b6d c04c 
  0x000001731449cf00: 8b75 c84e | 8d74 f500 | c348 8b43 | 1848 85c0 | 0f84 1200 | 0000 8b48 | 0883 c102 | 8948 0823 
  0x000001731449cf20: 482c 0f84 | de08 0000 | 493b a770 | 0500 000f | 8748 0000 | 0089 8424 | 00f0 ffff | 8984 2400 
  0x000001731449cf40: e0ff ff89 | 8424 00d0 | ffff 8984 | 2400 c0ff | ff89 8424 | 00b0 ffff | 8984 2400 | a0ff ff89 
  0x000001731449cf60: 8424 0090 | ffff 8984 | 2400 80ff | ff49 3ba7 | 6805 0000 | 7607 4989 | a770 0500 | 0041 c687 
  0x000001731449cf80: f104 0000 | 0048 8b5d | e84c 8b5b | 0845 0fb7 | 5b2e 41c1 | e303 492b | e348 83ec | 2048 83e4 
  0x000001731449cfa0: f04c 8b5b | 604d 85db | 0f85 ab00 | 0000 e805 | 0000 00e9 | 9900 0000 | 488b d348 | 8d44 2408 
  0x000001731449cfc0: 4c89 6dc0 | 498b cfc5 | f877 4989 | af38 0400 | 0049 8987 | 2804 0000 | 4883 ec20 | 40f6 c40f 
  0x000001731449cfe0: 0f84 1900 | 0000 4883 | ec08 48b8 | 1048 842a | fd7f 0000 | ffd0 4883 | c408 e90c | 0000 0048 
  0x000001731449d000: b810 4884 | 2afd 7f00 | 00ff d048 | 83c4 2049 | c787 2804 | 0000 0000 | 0000 49c7 | 8738 0400 
  0x000001731449d020: 0000 0000 | 0049 c787 | 3004 0000 | 0000 0000 | c5f8 7749 | 837f 0800 | 0f84 0500 | 0000 e99d 
  0x000001731449d040: 41ff ff4c | 8b6d c04c | 8b75 c84e | 8d74 f500 | c348 8b5d | e84c 8b5b | 6041 ffd3 | 488b 5de8 
  0x000001731449d060: 4889 4518 | 440f b75b | 2c41 f6c3 | 080f 841b | 0000 004c | 8b5b 084d | 8b5b 084d | 8b5b 184d 
  0x000001731449d080: 8b5b 704d | 8b1b 4c89 | 5d10 488d | 5510 488b | 4358 49ba | 800e bf2a | fd7f 0000 | 493b c20f 
  0x000001731449d0a0: 85ab 0000 | 00e8 0500 | 0000 e999 | 0000 0048 | 8bd3 488d | 4424 084c | 896d c049 | 8bcf c5f8 
  0x000001731449d0c0: 7749 89af | 3804 0000 | 4989 8728 | 0400 0048 | 83ec 2040 | f6c4 0f0f | 8419 0000 | 0048 83ec 
  0x000001731449d0e0: 0848 b810 | 4884 2afd | 7f00 00ff | d048 83c4 | 08e9 0c00 | 0000 48b8 | 1048 842a | fd7f 0000 
  0x000001731449d100: ffd0 4883 | c420 49c7 | 8728 0400 | 0000 0000 | 0049 c787 | 3804 0000 | 0000 0000 | 49c7 8730 
  0x000001731449d120: 0400 0000 | 0000 00c5 | f877 4983 | 7f08 000f | 8405 0000 | 00e9 a640 | ffff 4c8b | 6dc0 4c8b 
  0x000001731449d140: 75c8 4e8d | 74f5 00c3 | 488b 5de8 | 488b 4358 | 498d 8f48 | 0400 004c | 8d15 d500 | 0000 4d89 
  0x000001731449d160: 9730 0400 | 00c5 f877 | 4989 af38 | 0400 0049 | 89a7 2804 | 0000 41c7 | 87d4 0400 | 0004 0000 
  0x000001731449d180: 0049 3ba7 | c805 0000 | 7607 4989 | a7c8 0500 | 00ff d049 | 3ba7 c805 | 0000 720b | 49c7 87c8 
  0x000001731449d1a0: 0500 0000 | 0000 00c5 | f877 4883 | ec10 c5fb | 1104 2448 | 83ec 1048 | 8904 2448 | c744 2408 
  0x000001731449d1c0: 0000 0000 | 41c7 87d4 | 0400 0005 | 0000 00f0 | 8344 24c0 | 0049 3b6f | 280f 870e | 0000 0041 
  0x000001731449d1e0: 83bf d004 | 0000 000f | 8420 0000 | 0049 8bcf | 4c8b e448 | 83ec 2048 | 83e4 f048 | b840 ac85 
  0x000001731449d200: 2afd 7f00 | 00ff d049 | 8be4 4d33 | e441 c787 | d404 0000 | 0800 0000 | 4d8b 97f0 | 0500 0049 
  0x000001731449d220: 83fa 0074 | 3549 c787 | f005 0000 | 0000 0000 | 41ff e249 | ba60 be49 | 1473 0100 | 0041 ffd2 
  0x000001731449d240: 4883 ec10 | c5fb 1104 | 2448 83ec | 1048 8904 | 2448 c744 | 2408 0000 | 0000 49c7 | 8728 0400 
  0x000001731449d260: 0000 0000 | 0049 c787 | 3804 0000 | 0000 0000 | 49c7 8730 | 0400 0000 | 0000 00c5 | f877 4d8b 
  0x000001731449d280: 9fb8 0400 | 0041 c783 | 0001 0000 | 0000 0000 | 49bb 5aa7 | 4914 7301 | 0000 4c3b | 5d18 0f85 
  0x000001731449d2a0: 5501 0000 | 488b 0424 | 4883 c410 | 4885 c00f | 842f 0100 | 00a8 030f | 8508 0000 | 0048 8b00 
  0x000001731449d2c0: e91f 0100 | 00a8 010f | 8509 0000 | 0048 8b40 | fee9 0e01 | 0000 488b | 40ff 4180 | 7f48 000f 
  0x000001731449d2e0: 84ff 0000 | 0048 83f8 | 000f 84f5 | 0000 004d | 8b5f 384d | 85db 0f84 | 1400 0000 | 4983 eb08 
  0x000001731449d300: 4d89 5f38 | 4d03 5f40 | 4989 03e9 | d400 0000 | 4883 ec70 | 4889 0424 | 4889 4c24 | 0848 8954 
  0x000001731449d320: 2410 4c89 | 4424 184c | 894c 2420 | 4c89 5424 | 284c 895c | 2430 c5fb | 1144 2440 | c5fb 114c 
  0x000001731449d340: 2448 c5fb | 1154 2450 | c5fb 115c | 2458 c5fb | 1164 2460 | c5fb 116c | 2468 498b | d748 8bc8 
  0x000001731449d360: 4883 ec20 | 40f6 c40f | 0f84 1900 | 0000 4883 | ec08 48b8 | 2076 782a | fd7f 0000 | ffd0 4883 
  0x000001731449d380: c408 e90c | 0000 0048 | b820 7678 | 2afd 7f00 | 00ff d048 | 83c4 20c5 | fb10 6c24 | 68c5 fb10 
  0x000001731449d3a0: 6424 60c5 | fb10 5c24 | 58c5 fb10 | 5424 50c5 | fb10 4c24 | 48c5 fb10 | 4424 404c | 8b5c 2430 
  0x000001731449d3c0: 4c8b 5424 | 284c 8b4c | 2420 4c8b | 4424 1848 | 8b54 2410 | 488b 4c24 | 0848 8b04 | 2448 83c4 
  0x000001731449d3e0: 70c5 f877 | 4889 4510 | 4883 ec10 | 4889 0424 | 48c7 4424 | 0800 0000 | 0041 83bf | 5005 0000 
  0x000001731449d400: 020f 85bf | 0000 0048 | 81ec 8000 | 0000 4889 | 4424 7848 | 894c 2470 | 4889 5424 | 6848 895c 
  0x000001731449d420: 2460 4889 | 6c24 5048 | 8974 2448 | 4889 7c24 | 404c 8944 | 2438 4c89 | 4c24 304c | 8954 2428 
  0x000001731449d440: 4c89 5c24 | 204c 8964 | 2418 4c89 | 6c24 104c | 8974 2408 | 4c89 3c24 | 4c8b e448 | 83ec 2048 
  0x000001731449d460: 83e4 f048 | b8f0 f5be | 2afd 7f00 | 00ff d049 | 8be4 4c8b | 3c24 4c8b | 7424 084c | 8b6c 2410 
  0x000001731449d480: 4c8b 6424 | 184c 8b5c | 2420 4c8b | 5424 284c | 8b4c 2430 | 4c8b 4424 | 3848 8b7c | 2440 488b 
  0x000001731449d4a0: 7424 4848 | 8b6c 2450 | 488b 5c24 | 6048 8b54 | 2468 488b | 4c24 7048 | 8b44 2478 | 4881 c480 
  0x000001731449d4c0: 0000 004d | 33e4 488b | 5de8 4c8b | 6b08 4d8d | 6d38 4983 | 7f08 000f | 84bb 0000 | 00e8 0500 
  0x000001731449d4e0: 0000 e996 | 0000 0048 | 8d44 2408 | 4c89 6dc0 | 498b cfc5 | f877 4989 | af38 0400 | 0049 8987 
  0x000001731449d500: 2804 0000 | 4883 ec20 | 40f6 c40f | 0f84 1900 | 0000 4883 | ec08 48b8 | 5066 842a | fd7f 0000 
  0x000001731449d520: ffd0 4883 | c408 e90c | 0000 0048 | b850 6684 | 2afd 7f00 | 00ff d048 | 83c4 2049 | c787 2804 
  0x000001731449d540: 0000 0000 | 0000 49c7 | 8738 0400 | 0000 0000 | 0049 c787 | 3004 0000 | 0000 0000 | c5f8 7749 
  0x000001731449d560: 837f 0800 | 0f84 0500 | 0000 e971 | 3cff ff4c | 8b6d c04c | 8b75 c84e | 8d74 f500 | c348 b938 
  0x000001731449d580: 08e8 2afd | 7f00 0048 | 83e4 f048 | b850 8cab | 2afd 7f00 | 00ff d0f4 | 440f b75b | 2c41 f6c3 
  0x000001731449d5a0: 200f 8472 | 0100 0048 | 8d55 a84c | 8b5a 084d | 85db 0f85 | bb00 0000 | e805 0000 | 00e9 9600 
  0x000001731449d5c0: 0000 488d | 4424 084c | 896d c049 | 8bcf c5f8 | 7749 89af | 3804 0000 | 4989 8728 | 0400 0048 
  0x000001731449d5e0: 83ec 2040 | f6c4 0f0f | 8419 0000 | 0048 83ec | 0848 b880 | 6584 2afd | 7f00 00ff | d048 83c4 
  0x000001731449d600: 08e9 0c00 | 0000 48b8 | 8065 842a | fd7f 0000 | ffd0 4883 | c420 49c7 | 8728 0400 | 0000 0000 
  0x000001731449d620: 0049 c787 | 3804 0000 | 0000 0000 | 49c7 8730 | 0400 0000 | 0000 00c5 | f877 4983 | 7f08 000f 
  0x000001731449d640: 8405 0000 | 00e9 963b | ffff 4c8b | 6dc0 4c8b | 75c8 4e8d | 74f5 00c3 | 48b9 3808 | e82a fd7f 
  0x000001731449d660: 0000 4883 | e4f0 48b8 | 508c ab2a | fd7f 0000 | ffd0 f44c | 896d c04c | 8b4a 0848 | c742 0800 
  0x000001731449d680: 0000 0045 | 8b87 d806 | 0000 4f3b | 4c07 f80f | 8542 0000 | 0041 83af | d806 0000 | 084f 3b4c 
  0x000001731449d6a0: 07f0 0f84 | 2a00 0000 | 498b 01a8 | 020f 8512 | 0000 004c | 8bc0 4983 | c801 f04d | 0fb1 010f 
  0x000001731449d6c0: 840d 0000 | 0041 8387 | d806 0000 | 08e9 0500 | 0000 e93e | 0000 004c | 894a 0848 | 8bca 4883 
  0x000001731449d6e0: ec20 40f6 | c40f 0f84 | 1900 0000 | 4883 ec08 | 48b8 d037 | 842a fd7f | 0000 ffd0 | 4883 c408 
  0x000001731449d700: e90c 0000 | 0048 b8d0 | 3784 2afd | 7f00 00ff | d048 83c4 | 204c 8b6d | c041 c687 | 9603 0000 
  0x000001731449d720: 0149 3b6f | 280f 8705 | 0000 00e9 | ab00 0000 | 4883 ec10 | c5fb 1104 | 2448 83ec | 1048 8904 
  0x000001731449d740: 2448 c744 | 2408 0000 | 0000 c5f8 | 7749 89af | 3804 0000 | 49ba 4ad7 | 4914 7301 | 0000 4d89 
  0x000001731449d760: 9730 0400 | 0049 89a7 | 2804 0000 | 498b cf48 | 83ec 2040 | f6c4 0f0f | 8419 0000 | 0048 83ec 
  0x000001731449d780: 0848 b870 | 1e84 2afd | 7f00 00ff | d048 83c4 | 08e9 0c00 | 0000 48b8 | 701e 842a | fd7f 0000 
  0x000001731449d7a0: ffd0 4883 | c420 49c7 | 8728 0400 | 0000 0000 | 0049 c787 | 3804 0000 | 0000 0000 | 49c7 8730 
  0x000001731449d7c0: 0400 0000 | 0000 00c5 | f877 488b | 0424 4883 | c410 c5fb | 1004 2448 | 83c4 1048 | 8b04 2448 
  0x000001731449d7e0: 83c4 10c5 | fb10 0424 | 4883 c410 | 4c8b 5d18 | 41ff d34c | 8b5d f8c9 | 41c6 8796 | 0300 0000 
  0x000001731449d800: 5f49 8be3 | ffe7 ba00 | 0000 00e8 | 0500 0000 | e996 0000 | 0048 8d44 | 2408 4c89 | 6dc0 498b 
  0x000001731449d820: cfc5 f877 | 4989 af38 | 0400 0049 | 8987 2804 | 0000 4883 | ec20 40f6 | c40f 0f84 | 1900 0000 
  0x000001731449d840: 4883 ec08 | 48b8 c02d | 842a fd7f | 0000 ffd0 | 4883 c408 | e90c 0000 | 0048 b8c0 | 2d84 2afd 
  0x000001731449d860: 7f00 00ff | d048 83c4 | 2049 c787 | 2804 0000 | 0000 0000 | 49c7 8738 | 0400 0000 | 0000 0049 
  0x000001731449d880: c787 3004 | 0000 0000 | 0000 c5f8 | 7749 837f | 0800 0f84 | 0500 0000 | e943 39ff | ff4c 8b6d 
  0x000001731449d8a0: c04c 8b75 | c84e 8d74 | f500 c348 | 8b5d e8e9 | 74f6 ffff | 0f1f 4000 
[/MachCode]

---------------  P R O C E S S  ---------------

Threads class SMR info:
_java_thread_list=0x00000173430cf270, length=19, elements={
0x000001732663a8d0, 0x000001732663c200, 0x00000173264f1bc0, 0x00000173264efc80,
0x00000173264f0c20, 0x00000173266438c0, 0x000001732664e490, 0x00000173266653b0,
0x00000173266430f0, 0x0000017326645fd0, 0x0000017326647f10, 0x0000017326646f70,
0x0000017326648eb0, 0x0000017329a30c20, 0x0000017336d10f00, 0x0000017336d116d0,
0x0000017336d10730, 0x0000017329a2fc80, 0x0000017340ea4cf0
}

Java Threads: ( => current thread )
  0x000001732663a8d0 JavaThread "Reference Handler"          daemon [_thread_blocked, id=26120, stack(0x0000006067800000,0x0000006067900000) (1024K)]
  0x000001732663c200 JavaThread "Finalizer"                  daemon [_thread_blocked, id=7520, stack(0x0000006067900000,0x0000006067a00000) (1024K)]
  0x00000173264f1bc0 JavaThread "Signal Dispatcher"          daemon [_thread_blocked, id=8800, stack(0x0000006067a00000,0x0000006067b00000) (1024K)]
  0x00000173264efc80 JavaThread "Attach Listener"            daemon [_thread_blocked, id=5648, stack(0x0000006067b00000,0x0000006067c00000) (1024K)]
  0x00000173264f0c20 JavaThread "Service Thread"             daemon [_thread_blocked, id=21704, stack(0x0000006067c00000,0x0000006067d00000) (1024K)]
  0x00000173266438c0 JavaThread "Monitor Deflation Thread"   daemon [_thread_blocked, id=2268, stack(0x0000006067d00000,0x0000006067e00000) (1024K)]
  0x000001732664e490 JavaThread "C2 CompilerThread0"         daemon [_thread_blocked, id=9612, stack(0x0000006067e00000,0x0000006067f00000) (1024K)]
  0x00000173266653b0 JavaThread "C1 CompilerThread0"         daemon [_thread_blocked, id=18120, stack(0x0000006067f00000,0x0000006068000000) (1024K)]
  0x00000173266430f0 JavaThread "Notification Thread"        daemon [_thread_blocked, id=8496, stack(0x0000006068000000,0x0000006068100000) (1024K)]
  0x0000017326645fd0 JavaThread "Common-Cleaner"             daemon [_thread_blocked, id=15652, stack(0x0000006068100000,0x0000006068200000) (1024K)]
  0x0000017326647f10 JavaThread "Java2D Disposer"            daemon [_thread_blocked, id=21856, stack(0x0000006068300000,0x0000006068400000) (1024K)]
  0x0000017326646f70 JavaThread "AWT-Shutdown"                      [_thread_blocked, id=7012, stack(0x0000006068400000,0x0000006068500000) (1024K)]
=>0x0000017326648eb0 JavaThread "AWT-Windows"                daemon [_thread_in_native, id=20104, stack(0x0000006068500000,0x0000006068600000) (1024K)]
  0x0000017329a30c20 JavaThread "AWT-EventQueue-0"                  [_thread_in_native, id=14056, stack(0x0000006068200000,0x0000006068300000) (1024K)]
  0x0000017336d10f00 JavaThread "DestroyJavaVM"                     [_thread_blocked, id=2984, stack(0x0000006067000000,0x0000006067100000) (1024K)]
  0x0000017336d116d0 JavaThread "D3D Screen Updater"         daemon [_thread_in_native, id=22144, stack(0x0000006069300000,0x0000006069400000) (1024K)]
  0x0000017336d10730 JavaThread "TimerQueue"                 daemon [_thread_blocked, id=22988, stack(0x0000006069200000,0x0000006069300000) (1024K)]
  0x0000017329a2fc80 JavaThread "mysql-cj-abandoned-connection-cleanup" daemon [_thread_blocked, id=10892, stack(0x0000006068f00000,0x0000006069000000) (1024K)]
  0x0000017340ea4cf0 JavaThread "Hibernate Connection Pool Validation Thread" daemon [_thread_blocked, id=18668, stack(0x0000006068e00000,0x0000006068f00000) (1024K)]
Total: 19

Other Threads:
  0x000001732662bc60 VMThread "VM Thread"                           [id=2844, stack(0x0000006067700000,0x0000006067800000) (1024K)]
  0x00000173264edec0 WatcherThread "VM Periodic Task Thread"        [id=10264, stack(0x0000006067600000,0x0000006067700000) (1024K)]
  0x000001730478df10 WorkerThread "GC Thread#0"                     [id=9960, stack(0x0000006067100000,0x0000006067200000) (1024K)]
  0x0000017336d252d0 WorkerThread "GC Thread#1"                     [id=11080, stack(0x0000006066e00000,0x0000006066f00000) (1024K)]
  0x0000017340ee5380 WorkerThread "GC Thread#2"                     [id=2584, stack(0x0000006066f00000,0x0000006067000000) (1024K)]
  0x0000017340ee7ea0 WorkerThread "GC Thread#3"                     [id=19284, stack(0x0000006068600000,0x0000006068700000) (1024K)]
  0x0000017340ee7a50 WorkerThread "GC Thread#4"                     [id=18360, stack(0x0000006068700000,0x0000006068800000) (1024K)]
  0x0000017340ee7600 WorkerThread "GC Thread#5"                     [id=24956, stack(0x0000006068800000,0x0000006068900000) (1024K)]
  0x0000017340ee57d0 WorkerThread "GC Thread#6"                     [id=10152, stack(0x0000006068900000,0x0000006068a00000) (1024K)]
  0x0000017340ee4f30 WorkerThread "GC Thread#7"                     [id=7000, stack(0x0000006068a00000,0x0000006068b00000) (1024K)]
  0x0000017340ee4240 WorkerThread "GC Thread#8"                     [id=21648, stack(0x0000006068b00000,0x0000006068c00000) (1024K)]
  0x0000017340ee4690 WorkerThread "GC Thread#9"                     [id=244, stack(0x0000006068c00000,0x0000006068d00000) (1024K)]
  0x000001732647c040 ConcurrentGCThread "G1 Main Marker"            [id=19988, stack(0x0000006067200000,0x0000006067300000) (1024K)]
  0x000001730479de10 WorkerThread "G1 Conc#0"                       [id=7304, stack(0x0000006067300000,0x0000006067400000) (1024K)]
  0x0000017340ee6d60 WorkerThread "G1 Conc#1"                       [id=23388, stack(0x0000006066d00000,0x0000006066e00000) (1024K)]
  0x0000017340ee82f0 WorkerThread "G1 Conc#2"                       [id=20096, stack(0x0000006068d00000,0x0000006068e00000) (1024K)]
  0x00000173264dda70 ConcurrentGCThread "G1 Refine#0"               [id=24520, stack(0x0000006067400000,0x0000006067500000) (1024K)]
  0x00000173264e34b0 ConcurrentGCThread "G1 Service"                [id=16452, stack(0x0000006067500000,0x0000006067600000) (1024K)]
Total: 18

Threads with active compile tasks:
Total: 0

VM state: not at safepoint (normal execution)

VM Mutex/Monitor currently owned by a thread: None

Heap address: 0x0000000601000000, size: 8176 MB, Compressed Oops mode: Zero based, Oop shift amount: 3

CDS archive(s) mapped at: [0x000000001c000000-0x000000001cdd0000-0x000000001cdd0000), size 14483456, SharedBaseAddress: 0x000000001c000000, ArchiveRelocationMode: 1.
Compressed class space mapped at: 0x000000001d000000-0x000000005d000000, reserved size: 1073741824
UseCompressedClassPointers 1, UseCompactObjectHeaders 0
Narrow klass pointer bits 32, Max shift 3
Narrow klass base: 0x000000001c000000, Narrow klass shift: 0
Encoding Range: [0x000000001c000000 - 0x000000011c000000), (4294967296 bytes)
Klass Range:    [0x000000001c010000 - 0x000000005d000000), (1090453504 bytes)
Klass ID Range:  [65536 - 1090519033) (1090453497)
Protection zone: [0x000000001c000000 - 0x000000001c010000), (65536 bytes)

GC Precious Log:
 CardTable entry size: 512
 Card Set container configuration: InlinePtr #cards 4 size 8 Array Of Cards #cards 32 size 80 Howl #buckets 8 coarsen threshold 7372 Howl Bitmap #cards 1024 size 144 coarsen threshold 921 Card regions per heap region 1 cards per card region 8192
 CPUs: 12 total, 12 available
 Memory: 32691M
 Large Page Support: Disabled
 NUMA Support: Disabled
 Compressed Oops: Enabled (Zero based)
 Heap Region Size: 4M
 Heap Min Capacity: 8M
 Heap Initial Capacity: 512M
 Heap Max Capacity: 8176M
 Pre-touch: Disabled
 Parallel Workers: 10
 Concurrent Workers: 3
 Concurrent Refinement Workers: 10
 Periodic GC: Disabled

Heap:
 garbage-first heap   total reserved 8372224K, committed 233472K, used 109313K [0x0000000601000000, 0x0000000800000000)
  region size 4096K, 13 young (53248K), 3 survivors (12288K)

Heap Regions: E=young(eden), S=young(survivor), O=old, HS=humongous(starts), HC=humongous(continues), CS=collection set, F=free, TAMS=top-at-mark-start, PB=parsable bottom
|   0|0x0000000601000000, 0x0000000601400000, 0x0000000601400000|100%| O|  |TAMS 0x0000000601000000| PB 0x0000000601000000| Untracked |  0
|   1|0x0000000601400000, 0x0000000601800000, 0x0000000601800000|100%|HS|  |TAMS 0x0000000601400000| PB 0x0000000601400000| Complete |  0
|   2|0x0000000601800000, 0x0000000601c00000, 0x0000000601c00000|100%|HC|  |TAMS 0x0000000601800000| PB 0x0000000601800000| Complete |  0
|   3|0x0000000601c00000, 0x0000000602000000, 0x0000000602000000|100%|HC|  |TAMS 0x0000000601c00000| PB 0x0000000601c00000| Complete |  0
|   4|0x0000000602000000, 0x0000000602400000, 0x0000000602400000|100%|HC|  |TAMS 0x0000000602000000| PB 0x0000000602000000| Complete |  0
|   5|0x0000000602400000, 0x0000000602800000, 0x0000000602800000|100%|HC|  |TAMS 0x0000000602400000| PB 0x0000000602400000| Complete |  0
|   6|0x0000000602800000, 0x0000000602c00000, 0x0000000602c00000|100%|HC|  |TAMS 0x0000000602800000| PB 0x0000000602800000| Complete |  0
|   7|0x0000000602c00000, 0x0000000603000000, 0x0000000603000000|100%|HC|  |TAMS 0x0000000602c00000| PB 0x0000000602c00000| Complete |  0
|   8|0x0000000603000000, 0x0000000603400000, 0x0000000603400000|100%|HC|  |TAMS 0x0000000603000000| PB 0x0000000603000000| Complete |  0
|   9|0x0000000603400000, 0x0000000603800000, 0x0000000603800000|100%|HC|  |TAMS 0x0000000603400000| PB 0x0000000603400000| Complete |  0
|  10|0x0000000603800000, 0x0000000603c00000, 0x0000000603c00000|100%|HC|  |TAMS 0x0000000603800000| PB 0x0000000603800000| Complete |  0
|  11|0x0000000603c00000, 0x0000000604000000, 0x0000000604000000|100%|HC|  |TAMS 0x0000000603c00000| PB 0x0000000603c00000| Complete |  0
|  12|0x0000000604000000, 0x0000000604400000, 0x0000000604400000|100%|HS|  |TAMS 0x0000000604000000| PB 0x0000000604000000| Complete |  0
|  13|0x0000000604400000, 0x0000000604800000, 0x0000000604800000|100%|HS|  |TAMS 0x0000000604400000| PB 0x0000000604400000| Complete |  0
|  14|0x0000000604800000, 0x0000000604b7d028, 0x0000000604c00000| 87%| O|Cm|TAMS 0x0000000604800000| PB 0x0000000604800000| Complete |  0
|  15|0x0000000604c00000, 0x0000000604c00000, 0x0000000605000000|  0%| F|  |TAMS 0x0000000604c00000| PB 0x0000000604c00000| Untracked |  0
|  16|0x0000000605000000, 0x0000000605000000, 0x0000000605400000|  0%| F|  |TAMS 0x0000000605000000| PB 0x0000000605000000| Untracked |  0
|  17|0x0000000605400000, 0x0000000605400000, 0x0000000605800000|  0%| F|  |TAMS 0x0000000605400000| PB 0x0000000605400000| Untracked |  0
|  18|0x0000000605800000, 0x0000000605800000, 0x0000000605c00000|  0%| F|  |TAMS 0x0000000605800000| PB 0x0000000605800000| Untracked |  0
|  19|0x0000000605c00000, 0x0000000605c00000, 0x0000000606000000|  0%| F|  |TAMS 0x0000000605c00000| PB 0x0000000605c00000| Untracked |  0
|  20|0x0000000606000000, 0x0000000606000000, 0x0000000606400000|  0%| F|  |TAMS 0x0000000606000000| PB 0x0000000606000000| Untracked |  0
|  21|0x0000000606400000, 0x0000000606400000, 0x0000000606800000|  0%| F|  |TAMS 0x0000000606400000| PB 0x0000000606400000| Untracked |  0
|  22|0x0000000606800000, 0x0000000606800000, 0x0000000606c00000|  0%| F|  |TAMS 0x0000000606800000| PB 0x0000000606800000| Untracked |  0
|  23|0x0000000606c00000, 0x0000000606c00000, 0x0000000607000000|  0%| F|  |TAMS 0x0000000606c00000| PB 0x0000000606c00000| Untracked |  0
|  24|0x0000000607000000, 0x0000000607000000, 0x0000000607400000|  0%| F|  |TAMS 0x0000000607000000| PB 0x0000000607000000| Untracked |  0
|  25|0x0000000607400000, 0x0000000607400000, 0x0000000607800000|  0%| F|  |TAMS 0x0000000607400000| PB 0x0000000607400000| Untracked |  0
|  26|0x0000000607800000, 0x0000000607800000, 0x0000000607c00000|  0%| F|  |TAMS 0x0000000607800000| PB 0x0000000607800000| Untracked |  0
|  27|0x0000000607c00000, 0x0000000607c00000, 0x0000000608000000|  0%| F|  |TAMS 0x0000000607c00000| PB 0x0000000607c00000| Untracked |  0
|  28|0x0000000608000000, 0x0000000608000000, 0x0000000608400000|  0%| F|  |TAMS 0x0000000608000000| PB 0x0000000608000000| Untracked |  0
|  29|0x0000000608400000, 0x0000000608400000, 0x0000000608800000|  0%| F|  |TAMS 0x0000000608400000| PB 0x0000000608400000| Untracked |  0
|  30|0x0000000608800000, 0x0000000608800000, 0x0000000608c00000|  0%| F|  |TAMS 0x0000000608800000| PB 0x0000000608800000| Untracked |  0
|  31|0x0000000608c00000, 0x0000000608f43400, 0x0000000609000000| 81%| S|CS|TAMS 0x0000000608c00000| PB 0x0000000608c00000| Complete |  0
|  32|0x0000000609000000, 0x0000000609400000, 0x0000000609400000|100%| S|CS|TAMS 0x0000000609000000| PB 0x0000000609000000| Complete |  0
|  33|0x0000000609400000, 0x0000000609800000, 0x0000000609800000|100%| S|CS|TAMS 0x0000000609400000| PB 0x0000000609400000| Complete |  0
|  34|0x0000000609800000, 0x0000000609800000, 0x0000000609c00000|  0%| F|  |TAMS 0x0000000609800000| PB 0x0000000609800000| Untracked |  0
|  35|0x0000000609c00000, 0x0000000609c00000, 0x000000060a000000|  0%| F|  |TAMS 0x0000000609c00000| PB 0x0000000609c00000| Untracked |  0
|  36|0x000000060a000000, 0x000000060a000000, 0x000000060a400000|  0%| F|  |TAMS 0x000000060a000000| PB 0x000000060a000000| Untracked |  0
|  37|0x000000060a400000, 0x000000060a400000, 0x000000060a800000|  0%| F|  |TAMS 0x000000060a400000| PB 0x000000060a400000| Untracked |  0
|  38|0x000000060a800000, 0x000000060a800000, 0x000000060ac00000|  0%| F|  |TAMS 0x000000060a800000| PB 0x000000060a800000| Untracked |  0
|  39|0x000000060ac00000, 0x000000060ac00000, 0x000000060b000000|  0%| F|  |TAMS 0x000000060ac00000| PB 0x000000060ac00000| Untracked |  0
|  40|0x000000060b000000, 0x000000060b000000, 0x000000060b400000|  0%| F|  |TAMS 0x000000060b000000| PB 0x000000060b000000| Untracked |  0
|  41|0x000000060b400000, 0x000000060b400000, 0x000000060b800000|  0%| F|  |TAMS 0x000000060b400000| PB 0x000000060b400000| Untracked |  0
|  42|0x000000060b800000, 0x000000060b800000, 0x000000060bc00000|  0%| F|  |TAMS 0x000000060b800000| PB 0x000000060b800000| Untracked |  0
|  43|0x000000060bc00000, 0x000000060bc00000, 0x000000060c000000|  0%| F|  |TAMS 0x000000060bc00000| PB 0x000000060bc00000| Untracked |  0
|  44|0x000000060c000000, 0x000000060c000000, 0x000000060c400000|  0%| F|  |TAMS 0x000000060c000000| PB 0x000000060c000000| Untracked |  0
|  45|0x000000060c400000, 0x000000060c400000, 0x000000060c800000|  0%| F|  |TAMS 0x000000060c400000| PB 0x000000060c400000| Untracked |  0
|  46|0x000000060c800000, 0x000000060c800000, 0x000000060cc00000|  0%| F|  |TAMS 0x000000060c800000| PB 0x000000060c800000| Untracked |  0
|  47|0x000000060cc00000, 0x000000060d000000, 0x000000060d000000|100%| E|  |TAMS 0x000000060cc00000| PB 0x000000060cc00000| Complete |  0
|  48|0x000000060d000000, 0x000000060d400000, 0x000000060d400000|100%| E|CS|TAMS 0x000000060d000000| PB 0x000000060d000000| Complete |  0
|  49|0x000000060d400000, 0x000000060d800000, 0x000000060d800000|100%| E|CS|TAMS 0x000000060d400000| PB 0x000000060d400000| Complete |  0
|  50|0x000000060d800000, 0x000000060dc00000, 0x000000060dc00000|100%| E|CS|TAMS 0x000000060d800000| PB 0x000000060d800000| Complete |  0
|  51|0x000000060dc00000, 0x000000060e000000, 0x000000060e000000|100%| E|CS|TAMS 0x000000060dc00000| PB 0x000000060dc00000| Complete |  0
|  52|0x000000060e000000, 0x000000060e400000, 0x000000060e400000|100%| E|CS|TAMS 0x000000060e000000| PB 0x000000060e000000| Complete |  0
|  53|0x000000060e400000, 0x000000060e800000, 0x000000060e800000|100%| E|CS|TAMS 0x000000060e400000| PB 0x000000060e400000| Complete |  0
| 105|0x000000061b400000, 0x000000061b800000, 0x000000061b800000|100%| E|CS|TAMS 0x000000061b400000| PB 0x000000061b400000| Complete |  0
| 127|0x0000000620c00000, 0x0000000621000000, 0x0000000621000000|100%| E|CS|TAMS 0x0000000620c00000| PB 0x0000000620c00000| Complete |  0
|2043|0x00000007ffc00000, 0x0000000800000000, 0x0000000800000000|100%| E|CS|TAMS 0x00000007ffc00000| PB 0x00000007ffc00000| Complete |  0

Card table byte_map: [0x000001731d4b0000,0x000001731e4b0000] _byte_map_base: 0x000001731a4a8000

Marking Bits: (CMBitMap*) 0x000001730478e6a0
 Bits: [0x000001731e4b0000, 0x0000017326470000)

Polling page: 0x00000173022d0000

Metaspace:
Metaspace        used 63020K, committed 63680K, reserved 1114112K
 class space     used 6820K, committed 7104K, reserved 1048576K

Usage:
  Non-class:     54.88 MB used.
      Class:      6.66 MB used.
       Both:     61.54 MB used.

Virtual space:
  Non-class space:       64.00 MB reserved,      55.25 MB ( 86%) committed,  1 nodes.
      Class space:        1.00 GB reserved,       6.94 MB ( <1%) committed,  1 nodes.
             Both:        1.06 GB reserved,      62.19 MB (  6%) committed. 

Chunk freelists:
   Non-Class:  8.16 MB
       Class:  8.92 MB
        Both:  17.08 MB

MaxMetaspaceSize: unlimited
CompressedClassSpaceSize: 1.00 GB
Initial GC threshold: 21.00 MB
Current GC threshold: 100.00 MB
CDS: on
 - commit_granule_bytes: 65536.
 - commit_granule_words: 8192.
 - virtual_space_node_default_size: 8388608.
 - enlarge_chunks_in_place: 1.
UseCompressedClassPointers 1, UseCompactObjectHeaders 0
Narrow klass pointer bits 32, Max shift 3
Narrow klass base: 0x000000001c000000, Narrow klass shift: 0
Encoding Range: [0x000000001c000000 - 0x000000011c000000), (4294967296 bytes)
Klass Range:    [0x000000001c010000 - 0x000000005d000000), (1090453504 bytes)
Klass ID Range:  [65536 - 1090519033) (1090453497)
Protection zone: [0x000000001c000000 - 0x000000001c010000), (65536 bytes)


Internal statistics:

num_allocs_failed_limit: 15.
num_arena_births: 748.
num_arena_deaths: 0.
num_vsnodes_births: 2.
num_vsnodes_deaths: 0.
num_space_committed: 995.
num_space_uncommitted: 0.
num_chunks_returned_to_freelist: 15.
num_chunks_taken_from_freelist: 2313.
num_chunk_merges: 12.
num_chunk_splits: 1732.
num_chunks_enlarged: 1398.
num_inconsistent_stats: 0.

CodeHeap 'non-profiled nmethods': size=120064Kb used=3139Kb max_used=3139Kb free=116924Kb
 bounds [0x0000017314a20000, 0x0000017314d40000, 0x000001731bf60000]
CodeHeap 'profiled nmethods': size=120000Kb used=11972Kb max_used=11972Kb free=108027Kb
 bounds [0x000001730cf60000, 0x000001730db20000, 0x0000017314490000]
CodeHeap 'non-nmethods': size=5696Kb used=1955Kb max_used=2112Kb free=3741Kb
 bounds [0x0000017314490000, 0x0000017314700000, 0x0000017314a20000]
CodeCache: size=245760Kb, used=17066Kb, max_used=17223Kb, free=228692Kb
 total_blobs=9002, nmethods=7933, adapters=958, full_count=0
Compilation: enabled, stopped_count=0, restarted_count=0

Compilation events (20 events):
Event: 138.319 Thread 0x000001732664e490 nmethod 8630 0x0000017314d2a408 code [0x0000017314d2a500, 0x0000017314d2f5d8]
Event: 138.741 Thread 0x000001732664e490 8631   !   4       sun.awt.AWTAutoShutdown::getPeer (43 bytes)
Event: 138.743 Thread 0x000001732664e490 nmethod 8631 0x0000017314d2f608 code [0x0000017314d2f700, 0x0000017314d2fd60]
Event: 138.773 Thread 0x000001732664e490 8632       4       sun.awt.windows.WObjectPeer::getPeerForTarget (10 bytes)
Event: 138.776 Thread 0x000001732664e490 nmethod 8632 0x0000017314d2fd88 code [0x0000017314d2fe80, 0x0000017314d30540]
Event: 139.215 Thread 0x000001732664e490 8633       4       java.awt.KeyboardFocusManager::getCurrentKeyboardFocusManager (7 bytes)
Event: 139.217 Thread 0x000001732664e490 nmethod 8633 0x0000017314d30588 code [0x0000017314d30680, 0x0000017314d30a20]
Event: 144.397 Thread 0x00000173266653b0 8634       3       java.lang.Integer::parseInt (314 bytes)
Event: 144.398 Thread 0x00000173266653b0 nmethod 8634 0x000001730db0c388 code [0x000001730db0c480, 0x000001730db0f020]
Event: 144.398 Thread 0x00000173266653b0 8635       3       sun.java2d.marlin.TransformingPathConsumer2D$PathClipFilter::_closePath (88 bytes)
Event: 144.399 Thread 0x00000173266653b0 nmethod 8635 0x000001730db0f088 code [0x000001730db0f180, 0x000001730db0f888]
Event: 144.399 Thread 0x00000173266653b0 8636       3       sun.java2d.marlin.Renderer::moveTo (41 bytes)
Event: 144.399 Thread 0x00000173266653b0 nmethod 8636 0x000001730db0f908 code [0x000001730db0fa20, 0x000001730db0fce0]
Event: 144.414 Thread 0x00000173266653b0 8638       3       sun.java2d.marlin.Helpers$PolyStack::pullAll (239 bytes)
Event: 144.414 Thread 0x00000173266653b0 nmethod 8638 0x000001730db0fd08 code [0x000001730db0fe00, 0x000001730db105d0]
Event: 144.414 Thread 0x00000173266653b0 8637       3       sun.java2d.marlin.TransformingPathConsumer2D$ClosedPathDetector::finish (20 bytes)
Event: 144.414 Thread 0x00000173266653b0 nmethod 8637 0x000001730db10608 code [0x000001730db10700, 0x000001730db108e8]
Event: 146.381 Thread 0x000001732664e490 8639       4       java.util.concurrent.locks.ReentrantLock$NonfairSync::tryAcquire (27 bytes)
Event: 146.381 Thread 0x000001732664e490 nmethod 8639 0x0000017314d30a88 code [0x0000017314d30b80, 0x0000017314d30d28]
Event: 163.612 Thread 0x00000173266653b0 8640       3       java.awt.Container::doLayout (5 bytes)

GC Heap Usage History (12 events):
Event: 60.344 {heap Before GC invocations=0 (full 0):
 garbage-first heap   total reserved 8372224K, committed 528384K, used 95381K [0x0000000601000000, 0x0000000800000000)
  region size 4096K, 12 young (49152K), 0 survivors (0K)
}
Event: 60.349 {heap After GC invocations=1 (full 0):
 garbage-first heap   total reserved 8372224K, committed 528384K, used 57125K [0x0000000601000000, 0x0000000800000000)
  region size 4096K, 2 young (8192K), 2 survivors (8192K)
}
Event: 69.066 {heap Before GC invocations=1 (full 0):
 garbage-first heap   total reserved 8372224K, committed 528384K, used 134949K [0x0000000601000000, 0x0000000800000000)
  region size 4096K, 20 young (81920K), 2 survivors (8192K)
}
Event: 69.070 {heap After GC invocations=2 (full 0):
 garbage-first heap   total reserved 8372224K, committed 528384K, used 67681K [0x0000000601000000, 0x0000000800000000)
  region size 4096K, 3 young (12288K), 3 survivors (12288K)
}
Event: 69.783 {heap Before GC invocations=3 (full 0):
 garbage-first heap   total reserved 8372224K, committed 245760K, used 112737K [0x0000000601000000, 0x0000000800000000)
  region size 4096K, 15 young (61440K), 3 survivors (12288K)
}
Event: 69.790 {heap After GC invocations=4 (full 0):
 garbage-first heap   total reserved 8372224K, committed 245760K, used 68048K [0x0000000601000000, 0x0000000800000000)
  region size 4096K, 4 young (16384K), 4 survivors (16384K)
}
Event: 69.803 {heap Before GC invocations=4 (full 0):
 garbage-first heap   total reserved 8372224K, committed 245760K, used 68048K [0x0000000601000000, 0x0000000800000000)
  region size 4096K, 5 young (20480K), 4 survivors (16384K)
}
Event: 69.811 {heap After GC invocations=5 (full 0):
 garbage-first heap   total reserved 8372224K, committed 245760K, used 68159K [0x0000000601000000, 0x0000000800000000)
  region size 4096K, 2 young (8192K), 2 survivors (8192K)
}
Event: 69.823 {heap Before GC invocations=5 (full 0):
 garbage-first heap   total reserved 8372224K, committed 245760K, used 68159K [0x0000000601000000, 0x0000000800000000)
  region size 4096K, 3 young (12288K), 2 survivors (8192K)
}
Event: 69.826 {heap After GC invocations=6 (full 0):
 garbage-first heap   total reserved 8372224K, committed 245760K, used 67976K [0x0000000601000000, 0x0000000800000000)
  region size 4096K, 2 young (8192K), 2 survivors (8192K)
}
Event: 70.906 {heap Before GC invocations=7 (full 0):
 garbage-first heap   total reserved 8372224K, committed 233472K, used 149896K [0x0000000601000000, 0x0000000800000000)
  region size 4096K, 23 young (94208K), 2 survivors (8192K)
}
Event: 70.913 {heap After GC invocations=8 (full 0):
 garbage-first heap   total reserved 8372224K, committed 233472K, used 72449K [0x0000000601000000, 0x0000000800000000)
  region size 4096K, 3 young (12288K), 3 survivors (12288K)
}

Metaspace Usage History (12 events):
Event: 60.344 {metaspace Before GC invocations=0 (full 0):
 Metaspace       used 12614K, committed 13056K, reserved 1114112K
  class space    used 1203K, committed 1408K, reserved 1048576K
}
Event: 60.349 {metaspace After GC invocations=1 (full 0):
 Metaspace       used 12614K, committed 13056K, reserved 1114112K
  class space    used 1203K, committed 1408K, reserved 1048576K
}
Event: 69.066 {metaspace Before GC invocations=1 (full 0):
 Metaspace       used 21108K, committed 21504K, reserved 1114112K
  class space    used 2012K, committed 2176K, reserved 1048576K
}
Event: 69.070 {metaspace After GC invocations=2 (full 0):
 Metaspace       used 21108K, committed 21504K, reserved 1114112K
  class space    used 2012K, committed 2176K, reserved 1048576K
}
Event: 69.783 {metaspace Before GC invocations=3 (full 0):
 Metaspace       used 35624K, committed 36096K, reserved 1114112K
  class space    used 3608K, committed 3840K, reserved 1048576K
}
Event: 69.790 {metaspace After GC invocations=4 (full 0):
 Metaspace       used 35624K, committed 36096K, reserved 1114112K
  class space    used 3608K, committed 3840K, reserved 1048576K
}
Event: 69.803 {metaspace Before GC invocations=4 (full 0):
 Metaspace       used 35967K, committed 36416K, reserved 1114112K
  class space    used 3631K, committed 3840K, reserved 1048576K
}
Event: 69.811 {metaspace After GC invocations=5 (full 0):
 Metaspace       used 35967K, committed 36416K, reserved 1114112K
  class space    used 3631K, committed 3840K, reserved 1048576K
}
Event: 69.823 {metaspace Before GC invocations=5 (full 0):
 Metaspace       used 36248K, committed 36736K, reserved 1114112K
  class space    used 3659K, committed 3904K, reserved 1048576K
}
Event: 69.826 {metaspace After GC invocations=6 (full 0):
 Metaspace       used 36248K, committed 36736K, reserved 1114112K
  class space    used 3659K, committed 3904K, reserved 1048576K
}
Event: 70.906 {metaspace Before GC invocations=7 (full 0):
 Metaspace       used 60852K, committed 61376K, reserved 1114112K
  class space    used 6585K, committed 6784K, reserved 1048576K
}
Event: 70.913 {metaspace After GC invocations=8 (full 0):
 Metaspace       used 60852K, committed 61376K, reserved 1114112K
  class space    used 6585K, committed 6784K, reserved 1048576K
}

Dll operation events (12 events):
Event: 0.005 Loaded shared library C:\Program Files\jdk-25\bin\java.dll
Event: 0.044 Loaded shared library C:\Program Files\jdk-25\bin\jimage.dll
Event: 0.047 Loaded shared library C:\Program Files\jdk-25\bin\net.dll
Event: 0.048 Loaded shared library C:\Program Files\jdk-25\bin\nio.dll
Event: 0.056 Loaded shared library C:\Program Files\jdk-25\bin\zip.dll
Event: 0.073 Loaded shared library C:\Program Files\jdk-25\bin\awt.dll
Event: 0.291 Loaded shared library C:\Program Files\jdk-25\bin\freetype.dll
Event: 0.292 Loaded shared library C:\Program Files\jdk-25\bin\fontmanager.dll
Event: 0.374 Loaded shared library C:\Windows\System32\ucrtbase.dll
Event: 0.375 Loaded shared library C:\Program Files\jdk-25\bin\syslookup.dll
Event: 69.376 Loaded shared library C:\Program Files\jdk-25\bin\extnet.dll
Event: 69.486 Loaded shared library C:\Program Files\jdk-25\bin\sunmscapi.dll

Deoptimization events (20 events):
Event: 126.685 Thread 0x0000017329a30c20 Uncommon trap: trap_request=0xffffffde fr.pc=0x0000017314c62fc8 relative=0x0000000000005bc8
Event: 126.685 Thread 0x0000017329a30c20 Uncommon trap: reason=class_check action=maybe_recompile pc=0x0000017314c62fc8 method=java.awt.EventQueue.coalesceEvent(Ljava/awt/AWTEvent;I)Z @ 77 c2
Event: 126.685 Thread 0x0000017329a30c20 DEOPT PACKING pc=0x0000017314c62fc8 sp=0x00000060682ff3f0
Event: 126.685 Thread 0x0000017329a30c20 DEOPT UNPACKING pc=0x00000173145af882 sp=0x00000060682ff240 mode 2
Event: 126.757 Thread 0x0000017329a30c20 Uncommon trap: trap_request=0xffffffde fr.pc=0x0000017314c62fc8 relative=0x0000000000005bc8
Event: 126.757 Thread 0x0000017329a30c20 Uncommon trap: reason=class_check action=maybe_recompile pc=0x0000017314c62fc8 method=java.awt.EventQueue.coalesceEvent(Ljava/awt/AWTEvent;I)Z @ 77 c2
Event: 126.757 Thread 0x0000017329a30c20 DEOPT PACKING pc=0x0000017314c62fc8 sp=0x00000060682ff3f0
Event: 126.757 Thread 0x0000017329a30c20 DEOPT UNPACKING pc=0x00000173145af882 sp=0x00000060682ff240 mode 2
Event: 126.821 Thread 0x0000017329a30c20 Uncommon trap: trap_request=0xffffffde fr.pc=0x0000017314c62fc8 relative=0x0000000000005bc8
Event: 126.821 Thread 0x0000017329a30c20 Uncommon trap: reason=class_check action=maybe_recompile pc=0x0000017314c62fc8 method=java.awt.EventQueue.coalesceEvent(Ljava/awt/AWTEvent;I)Z @ 77 c2
Event: 126.821 Thread 0x0000017329a30c20 DEOPT PACKING pc=0x0000017314c62fc8 sp=0x00000060682ff3f0
Event: 126.821 Thread 0x0000017329a30c20 DEOPT UNPACKING pc=0x00000173145af882 sp=0x00000060682ff240 mode 2
Event: 129.656 Thread 0x0000017329a30c20 Uncommon trap: trap_request=0xffffff4c fr.pc=0x0000017314a81e08 relative=0x0000000000000088
Event: 129.656 Thread 0x0000017329a30c20 Uncommon trap: reason=speculate_null_assert action=make_not_entrant pc=0x0000017314a81e08 method=jdk.internal.misc.ScopedMemoryAccess.getCharUnalignedInternal(Ljdk/internal/foreign/MemorySessionImpl;Ljava/lang/Object;JZ)C @ 1 c2
Event: 129.656 Thread 0x0000017329a30c20 DEOPT PACKING pc=0x0000017314a81e08 sp=0x00000060682fd460
Event: 129.656 Thread 0x0000017329a30c20 DEOPT UNPACKING pc=0x00000173145af882 sp=0x00000060682fd370 mode 2
Event: 129.656 Thread 0x0000017329a30c20 Uncommon trap: trap_request=0xffffff54 fr.pc=0x0000017314a55c64 relative=0x0000000000000064
Event: 129.656 Thread 0x0000017329a30c20 Uncommon trap: reason=speculate_null_check action=make_not_entrant pc=0x0000017314a55c64 method=jdk.internal.misc.Unsafe.getCharUnaligned(Ljava/lang/Object;JZ)C @ 5 c2
Event: 129.656 Thread 0x0000017329a30c20 DEOPT PACKING pc=0x0000017314a55c64 sp=0x00000060682fd350
Event: 129.656 Thread 0x0000017329a30c20 DEOPT UNPACKING pc=0x00000173145af882 sp=0x00000060682fd2d0 mode 2

Classes loaded (20 events):
Event: 72.910 Loading class javax/swing/plaf/BorderUIResource$LineBorderUIResource
Event: 72.910 Loading class javax/swing/plaf/BorderUIResource$LineBorderUIResource done
Event: 119.109 Loading class javax/swing/text/DefaultHighlighter$LayeredHighlightInfo
Event: 119.109 Loading class javax/swing/text/DefaultHighlighter$HighlightInfo
Event: 119.109 Loading class javax/swing/text/DefaultHighlighter$HighlightInfo done
Event: 119.109 Loading class javax/swing/text/DefaultHighlighter$LayeredHighlightInfo done
Event: 121.190 Loading class sun/awt/DebugSettings
Event: 121.190 Loading class sun/awt/DebugSettings done
Event: 121.190 Loading class javax/swing/JComponent$KeyboardState
Event: 121.190 Loading class javax/swing/JComponent$KeyboardState done
Event: 121.190 Loading class javax/swing/JComponent$IntVector
Event: 121.190 Loading class javax/swing/JComponent$IntVector done
Event: 121.190 Loading class javax/swing/Popup$HeavyWeightWindow
Event: 121.190 Loading class javax/swing/JWindow
Event: 121.191 Loading class javax/swing/JWindow done
Event: 121.191 Loading class javax/swing/Popup$HeavyWeightWindow done
Event: 121.565 Loading class javax/swing/JComponent$ActionStandin
Event: 121.565 Loading class javax/swing/JComponent$ActionStandin done
Event: 129.655 Loading class sun/font/StandardGlyphVector$GlyphStrike
Event: 129.655 Loading class sun/font/StandardGlyphVector$GlyphStrike done

Classes unloaded (0 events):
No events

Classes redefined (0 events):
No events

Internal exceptions (20 events):
Event: 70.503 Thread 0x0000017329a30c20 Exception <a 'java/lang/NoSuchMethodError'{0x000000060bab8998}: 'java.lang.Object java.lang.invoke.DirectMethodHandle$Holder.newInvokeSpecial(java.lang.Object, java.lang.Object, int, java.lang.Object)'> (0x000000060bab8998) 
thrown [s\open\src\hotspot\share\interpreter\linkResolver.cpp, line 804]
Event: 70.503 Thread 0x0000017329a30c20 Exception <a 'java/lang/NoSuchMethodError'{0x000000060bac0ec0}: 'java.lang.Object java.lang.invoke.Invokers$Holder.linkToTargetMethod(java.lang.Object, int, java.lang.Object, java.lang.Object)'> (0x000000060bac0ec0) 
thrown [s\open\src\hotspot\share\interpreter\linkResolver.cpp, line 804]
Event: 70.535 Thread 0x0000017329a30c20 Exception <a 'java/lang/NoSuchMethodError'{0x000000060b4ff068}: 'int java.lang.invoke.DirectMethodHandle$Holder.invokeStatic(java.lang.Object, int, java.lang.Object)'> (0x000000060b4ff068) 
thrown [s\open\src\hotspot\share\interpreter\linkResolver.cpp, line 804]
Event: 70.538 Thread 0x0000017329a30c20 Exception <a 'java/lang/NoSuchMethodError'{0x000000060b57e6b0}: 'java.lang.Object java.lang.invoke.DirectMethodHandle$Holder.newInvokeSpecial(java.lang.Object, java.lang.Object, java.lang.Object, java.lang.Object, java.lang.Object, java.lang.Object, java.lang.Object, java.lang.Object, java.lang.Object, java.lang.Object, java.lang.Object, java.lang.Object)'> (0x000000060b57e6b0) 
thrown [s\open\src\hotspot\share\interpreter\linkResolver.cpp, line 804]
Event: 70.539 Thread 0x0000017329a30c20 Exception <a 'java/lang/NoSuchMethodError'{0x000000060b588758}: 'java.lang.Object java.lang.invoke.Invokers$Holder.linkToTargetMethod(java.lang.Object, java.lang.Object, java.lang.Object, java.lang.Object, java.lang.Object, java.lang.Object, java.lang.Object, java.lang.Object, java.lang.Object, java.lang.Object, java.lang.Object, java.lang.Object)'> (0x000000060b588758) 
thrown [s\open\src\hotspot\share\interpreter\linkResolver.cpp, line 804]
Event: 70.558 Thread 0x0000017329a30c20 Exception <a 'java/lang/IncompatibleClassChangeError'{0x000000060b7101e8}: Found class java.lang.Object, but interface was expected> (0x000000060b7101e8) 
thrown [s\open\src\hotspot\share\interpreter\linkResolver.cpp, line 871]
Event: 70.566 Thread 0x0000017329a30c20 Exception <a 'java/lang/NoSuchMethodError'{0x000000060b7b3048}: 'java.lang.Object java.lang.invoke.DirectMethodHandle$Holder.newInvokeSpecial(java.lang.Object, java.lang.Object, int, java.lang.Object, int, java.lang.Object, java.lang.Object)'> (0x000000060b7b3048) 
thrown [s\open\src\hotspot\share\interpreter\linkResolver.cpp, line 804]
Event: 70.873 Thread 0x0000017329a30c20 Exception <a 'java/lang/NoSuchMethodError'{0x0000000609fed050}: 'java.lang.Object java.lang.invoke.DirectMethodHandle$Holder.newInvokeSpecial(java.lang.Object, java.lang.Object, int, int)'> (0x0000000609fed050) 
thrown [s\open\src\hotspot\share\interpreter\linkResolver.cpp, line 804]
Event: 70.904 Thread 0x0000017329a30c20 Exception <a 'java/lang/NoSuchMethodError'{0x0000000609a44e90}: 'void java.lang.invoke.Invokers$Holder.invokeExact_MT(java.lang.Object, java.lang.Object, int, java.lang.Object)'> (0x0000000609a44e90) 
thrown [s\open\src\hotspot\share\interpreter\linkResolver.cpp, line 804]
Event: 70.904 Thread 0x0000017329a30c20 Exception <a 'java/lang/IncompatibleClassChangeError'{0x0000000609a4d560}: Found class java.lang.Object, but interface was expected> (0x0000000609a4d560) 
thrown [s\open\src\hotspot\share\interpreter\linkResolver.cpp, line 871]
Event: 70.923 Thread 0x0000017329a30c20 Exception <a 'java/lang/NoSuchMethodError'{0x00000007ffc3bb90}: 'double java.lang.invoke.DelegatingMethodHandle$Holder.reinvoke_L(java.lang.Object, java.lang.Object)'> (0x00000007ffc3bb90) 
thrown [s\open\src\hotspot\share\interpreter\linkResolver.cpp, line 804]
Event: 70.923 Thread 0x0000017329a30c20 Exception <a 'java/lang/NoSuchMethodError'{0x00000007ffc54600}: 'void java.lang.invoke.DelegatingMethodHandle$Holder.reinvoke_L(java.lang.Object, java.lang.Object, double)'> (0x00000007ffc54600) 
thrown [s\open\src\hotspot\share\interpreter\linkResolver.cpp, line 804]
Event: 70.987 Thread 0x0000017329a30c20 Exception <a 'java/lang/IncompatibleClassChangeError'{0x00000007ffe978c8}: Found class java.lang.Object, but interface was expected> (0x00000007ffe978c8) 
thrown [s\open\src\hotspot\share\interpreter\linkResolver.cpp, line 871]
Event: 70.989 Thread 0x0000017329a30c20 Implicit null exception at 0x0000017314a89636 to 0x0000017314a89914
Event: 70.989 Thread 0x0000017329a30c20 Exception <a 'java/io/IOException'{0x00000007ffeac288}> (0x00000007ffeac288) 
thrown [s\open\src\hotspot\share\prims\jni.cpp, line 516]
Event: 115.125 Thread 0x0000017329a30c20 Exception <a 'java/lang/NoSuchMethodError'{0x000000060e6e2448}: 'double java.lang.invoke.Invokers$Holder.invokeExact_MT(java.lang.Object, java.lang.Object, java.lang.Object)'> (0x000000060e6e2448) 
thrown [s\open\src\hotspot\share\interpreter\linkResolver.cpp, line 804]
Event: 115.171 Thread 0x0000017329a30c20 Exception <a 'java/io/IOException'{0x000000060e24d188}> (0x000000060e24d188) 
thrown [s\open\src\hotspot\share\prims\jni.cpp, line 516]
Event: 115.264 Thread 0x0000017329a30c20 Exception <a 'java/net/SocketException'{0x000000060d8908b8}: Connection reset by peer: shutdown> (0x000000060d8908b8) 
thrown [s\open\src\hotspot\share\prims\jni.cpp, line 534]
Event: 125.467 Thread 0x0000017329a30c20 Exception <a 'java/io/IOException'{0x000000060dae5078}> (0x000000060dae5078) 
thrown [s\open\src\hotspot\share\prims\jni.cpp, line 516]
Event: 125.526 Thread 0x0000017329a30c20 Exception <a 'java/lang/NoSuchMethodError'{0x000000060d336970}: 'void java.lang.invoke.DirectMethodHandle$Holder.invokeStatic(java.lang.Object, java.lang.Object, int, int, java.lang.Object)'> (0x000000060d336970) 
thrown [s\open\src\hotspot\share\interpreter\linkResolver.cpp, line 804]

VM Operations (20 events):
Event: 70.923 Executing safepoint VM operation: G1PauseCleanup
Event: 70.923 Executing safepoint VM operation: G1PauseCleanup done
Event: 70.996 Executing non-safepoint VM operation: HandshakeAllThreads (Deoptimize)
Event: 70.996 Executing non-safepoint VM operation: HandshakeAllThreads (Deoptimize) done
Event: 70.999 Executing non-safepoint VM operation: HandshakeAllThreads (Deoptimize)
Event: 70.999 Executing non-safepoint VM operation: HandshakeAllThreads (Deoptimize) done
Event: 71.000 Executing non-safepoint VM operation: HandshakeAllThreads (Deoptimize)
Event: 71.000 Executing non-safepoint VM operation: HandshakeAllThreads (Deoptimize) done
Event: 71.006 Executing non-safepoint VM operation: HandshakeAllThreads (Deoptimize)
Event: 71.006 Executing non-safepoint VM operation: HandshakeAllThreads (Deoptimize) done
Event: 115.127 Executing non-safepoint VM operation: HandshakeAllThreads (Deoptimize)
Event: 115.127 Executing non-safepoint VM operation: HandshakeAllThreads (Deoptimize) done
Event: 115.141 Executing non-safepoint VM operation: HandshakeAllThreads (Deoptimize)
Event: 115.141 Executing non-safepoint VM operation: HandshakeAllThreads (Deoptimize) done
Event: 120.123 Executing non-safepoint VM operation: HandshakeAllThreads (HandshakeForDeflation)
Event: 120.123 Executing non-safepoint VM operation: HandshakeAllThreads (HandshakeForDeflation) done
Event: 120.123 Executing non-safepoint VM operation: RendezvousGCThreads
Event: 120.123 Executing non-safepoint VM operation: RendezvousGCThreads done
Event: 125.528 Executing non-safepoint VM operation: HandshakeAllThreads (Deoptimize)
Event: 125.528 Executing non-safepoint VM operation: HandshakeAllThreads (Deoptimize) done

Memory protections (0 events):
No events

Nmethod flushes (20 events):
Event: 70.921 Thread 0x000001732662bc60 flushing  nmethod 0x000001730d13fb08
Event: 70.921 Thread 0x000001732662bc60 flushing  nmethod 0x000001730d1d8208
Event: 70.921 Thread 0x000001732662bc60 flushing  nmethod 0x000001730d291908
Event: 70.921 Thread 0x000001732662bc60 flushing  nmethod 0x000001730d453c88
Event: 70.921 Thread 0x000001732662bc60 flushing  nmethod 0x000001730d455608
Event: 70.921 Thread 0x000001732662bc60 flushing  nmethod 0x000001730d455908
Event: 70.921 Thread 0x000001732662bc60 flushing  nmethod 0x000001730d458388
Event: 70.921 Thread 0x000001732662bc60 flushing  nmethod 0x000001730d458a08
Event: 70.921 Thread 0x000001732662bc60 flushing  nmethod 0x000001730d459188
Event: 70.921 Thread 0x000001732662bc60 flushing  nmethod 0x000001730d4ed088
Event: 70.921 Thread 0x000001732662bc60 flushing  nmethod 0x000001730d663e08
Event: 70.921 Thread 0x000001732662bc60 flushing  nmethod 0x000001730d689108
Event: 70.921 Thread 0x000001732662bc60 flushing  nmethod 0x000001730d689408
Event: 70.921 Thread 0x000001732662bc60 flushing  nmethod 0x000001730d689a08
Event: 70.921 Thread 0x000001732662bc60 flushing  nmethod 0x000001730d689f08
Event: 70.921 Thread 0x000001732662bc60 flushing  nmethod 0x000001730d68a388
Event: 70.921 Thread 0x000001732662bc60 flushing  nmethod 0x000001730d68cd08
Event: 70.921 Thread 0x000001732662bc60 flushing  nmethod 0x000001730d68e288
Event: 70.921 Thread 0x000001732662bc60 flushing  nmethod 0x000001730d68e588
Event: 70.921 Thread 0x000001732662bc60 flushing  nmethod 0x000001730d692b08

Events (20 events):
Event: 69.315 Thread 0x0000017329a30c20 Thread added: 0x0000017329a2fc80
Event: 69.404 Thread 0x00000173266653b0 Thread added: 0x0000017329d19e10
Event: 69.452 Thread 0x00000173266653b0 Thread added: 0x0000017329d1b640
Event: 69.691 Thread 0x0000017329a30c20 Thread added: 0x0000017340ea6c30
Event: 70.289 Thread 0x0000017329d1b640 Thread exited: 0x0000017329d1b640
Event: 70.758 Thread 0x00000173266653b0 Thread added: 0x0000017329d185e0
Event: 70.989 Thread 0x0000017340ea6c30 Thread exited: 0x0000017340ea6c30
Event: 71.172 Thread 0x0000017329d19e10 Thread exited: 0x0000017329d19e10
Event: 71.172 Thread 0x0000017329d185e0 Thread exited: 0x0000017329d185e0
Event: 115.075 Thread 0x00000173266653b0 Thread added: 0x0000017329d1d680
Event: 115.080 Thread 0x0000017329a30c20 Thread added: 0x0000017340ea7bd0
Event: 115.147 Thread 0x0000017340ea7bd0 Thread exited: 0x0000017340ea7bd0
Event: 115.181 Thread 0x0000017329a30c20 Thread added: 0x0000017340ea4cf0
Event: 115.264 Thread 0x0000017340ea4cf0 Thread exited: 0x0000017340ea4cf0
Event: 115.405 Thread 0x0000017329d1d680 Thread exited: 0x0000017329d1d680
Event: 125.475 Thread 0x0000017329a30c20 Thread added: 0x0000017340ea4cf0
Event: 125.507 Thread 0x00000173266653b0 Thread added: 0x0000017329d1d680
Event: 125.514 Thread 0x00000173266653b0 Thread added: 0x0000017329d20ef0
Event: 126.613 Thread 0x0000017329d20ef0 Thread exited: 0x0000017329d20ef0
Event: 126.613 Thread 0x0000017329d1d680 Thread exited: 0x0000017329d1d680


Dynamic libraries:
0x00007ff665130000 - 0x00007ff665140000 	C:\Program Files\jdk-25\bin\java.exe
0x00007ffd92920000 - 0x00007ffd92b87000 	C:\WINDOWS\SYSTEM32\ntdll.dll
0x00007ffd913b0000 - 0x00007ffd91479000 	C:\WINDOWS\System32\KERNEL32.DLL
0x00007ffd8f360000 - 0x00007ffd8f754000 	C:\WINDOWS\System32\KERNELBASE.dll
0x00007ffd8fcf0000 - 0x00007ffd8fe3b000 	C:\WINDOWS\System32\ucrtbase.dll
0x00007ffd79b30000 - 0x00007ffd79b47000 	C:\Program Files\jdk-25\bin\jli.dll
0x00007ffd7bee0000 - 0x00007ffd7befe000 	C:\Program Files\jdk-25\bin\VCRUNTIME140.dll
0x00007ffd924c0000 - 0x00007ffd92685000 	C:\WINDOWS\System32\USER32.dll
0x00007ffd8f960000 - 0x00007ffd8f987000 	C:\WINDOWS\System32\win32u.dll
0x00007ffd810e0000 - 0x00007ffd81373000 	C:\WINDOWS\WinSxS\amd64_microsoft.windows.common-controls_6595b64144ccf1df_6.0.26100.8115_none_3e075c82e3354f9c\COMCTL32.dll
0x00007ffd918c0000 - 0x00007ffd918eb000 	C:\WINDOWS\System32\GDI32.dll
0x00007ffd91480000 - 0x00007ffd91529000 	C:\WINDOWS\System32\msvcrt.dll
0x00007ffd8fb10000 - 0x00007ffd8fc3b000 	C:\WINDOWS\System32\gdi32full.dll
0x00007ffd8fc40000 - 0x00007ffd8fce3000 	C:\WINDOWS\System32\msvcp_win.dll
0x00007ffd92690000 - 0x00007ffd926c2000 	C:\WINDOWS\System32\IMM32.DLL
0x00007ffd7bed0000 - 0x00007ffd7bedc000 	C:\Program Files\jdk-25\bin\vcruntime140_1.dll
0x00007ffd3cd30000 - 0x00007ffd3cdbd000 	C:\Program Files\jdk-25\bin\msvcp140.dll
0x00007ffd2a3d0000 - 0x00007ffd2b22f000 	C:\Program Files\jdk-25\bin\server\jvm.dll
0x00007ffd91c00000 - 0x00007ffd91cb6000 	C:\WINDOWS\System32\ADVAPI32.dll
0x00007ffd92830000 - 0x00007ffd928d7000 	C:\WINDOWS\System32\sechost.dll
0x00007ffd923a0000 - 0x00007ffd924b8000 	C:\WINDOWS\System32\RPCRT4.dll
0x00007ffd90830000 - 0x00007ffd908b0000 	C:\WINDOWS\System32\WS2_32.dll
0x00007ffd8f050000 - 0x00007ffd8f0ae000 	C:\WINDOWS\SYSTEM32\POWRPROF.dll
0x00007ffd85310000 - 0x00007ffd8531b000 	C:\WINDOWS\SYSTEM32\VERSION.dll
0x00007ffd86180000 - 0x00007ffd861b6000 	C:\WINDOWS\SYSTEM32\WINMM.dll
0x00007ffd8f030000 - 0x00007ffd8f044000 	C:\WINDOWS\SYSTEM32\UMPDC.dll
0x00007ffd8df80000 - 0x00007ffd8df9b000 	C:\WINDOWS\SYSTEM32\kernel.appcore.dll
0x00007ffd7a5e0000 - 0x00007ffd7a5ea000 	C:\Program Files\jdk-25\bin\jimage.dll
0x00007ffd85510000 - 0x00007ffd85752000 	C:\WINDOWS\SYSTEM32\DBGHELP.DLL
0x00007ffd91530000 - 0x00007ffd918b2000 	C:\WINDOWS\System32\combase.dll
0x00007ffd91b20000 - 0x00007ffd91bf8000 	C:\WINDOWS\System32\OLEAUT32.dll
0x00007ffd80ab0000 - 0x00007ffd80aeb000 	C:\WINDOWS\SYSTEM32\dbgcore.DLL
0x00007ffd8f1f0000 - 0x00007ffd8f295000 	C:\WINDOWS\System32\bcryptPrimitives.dll
0x00007ffd7ae70000 - 0x00007ffd7ae8f000 	C:\Program Files\jdk-25\bin\java.dll
0x00007ffd91980000 - 0x00007ffd91b17000 	C:\WINDOWS\System32\ole32.dll
0x00007ffd90b40000 - 0x00007ffd912a7000 	C:\WINDOWS\System32\SHELL32.dll
0x00007ffd8f760000 - 0x00007ffd8f8ca000 	C:\WINDOWS\System32\wintypes.dll
0x00007ffd8fe40000 - 0x00007ffd906a8000 	C:\WINDOWS\System32\windows.storage.dll
0x00007ffd912b0000 - 0x00007ffd913a8000 	C:\WINDOWS\System32\SHCORE.dll
0x00007ffd91d10000 - 0x00007ffd91d76000 	C:\WINDOWS\System32\shlwapi.dll
0x00007ffd8f110000 - 0x00007ffd8f139000 	C:\WINDOWS\SYSTEM32\profapi.dll
0x00007ffd717c0000 - 0x00007ffd717d2000 	C:\Program Files\jdk-25\bin\net.dll
0x00007ffd8e4f0000 - 0x00007ffd8e55c000 	C:\WINDOWS\system32\mswsock.dll
0x00007ffd62b40000 - 0x00007ffd62b56000 	C:\Program Files\jdk-25\bin\nio.dll
0x00007ffd79850000 - 0x00007ffd79867000 	C:\Program Files\jdk-25\bin\zip.dll
0x00007ffd3cdc0000 - 0x00007ffd3cf44000 	C:\Program Files\jdk-25\bin\awt.dll
0x00007ffd8cc10000 - 0x00007ffd8ccaf000 	C:\WINDOWS\SYSTEM32\apphelp.dll
0x00007ffd8cfc0000 - 0x00007ffd8cfef000 	C:\WINDOWS\system32\DWMAPI.DLL
0x00007ffd8cd20000 - 0x00007ffd8cdc9000 	C:\WINDOWS\system32\uxtheme.dll
0x00007ffd3cc10000 - 0x00007ffd3cd1f000 	C:\WINDOWS\system32\opengl32.dll
0x00007ffd605b0000 - 0x00007ffd605dd000 	C:\WINDOWS\SYSTEM32\GLU32.dll
0x00007ffd8ce00000 - 0x00007ffd8ce43000 	C:\WINDOWS\SYSTEM32\dxcore.dll
0x00007ffd906b0000 - 0x00007ffd9080c000 	C:\WINDOWS\System32\MSCTF.dll
0x00007ffd19ea0000 - 0x00007ffd1c5bb000 	C:\WINDOWS\System32\DriverStore\FileRepository\u0198974.inf_amd64_dcac9659486b668a\B025819\AMDXN64.DLL
0x00007ffd91d80000 - 0x00007ffd92207000 	C:\WINDOWS\System32\SETUPAPI.dll
0x00007ffd8ce50000 - 0x00007ffd8cf91000 	C:\WINDOWS\SYSTEM32\dxgi.dll
0x00007ffd8f0e0000 - 0x00007ffd8f10a000 	C:\WINDOWS\SYSTEM32\BCrypt.dll
0x00007ffd84dc0000 - 0x00007ffd84dfc000 	C:\WINDOWS\System32\DriverStore\FileRepository\u0198974.inf_amd64_dcac9659486b668a\B025819\amdihk64.dll
0x00007ffd3cb80000 - 0x00007ffd3cc07000 	C:\Program Files\jdk-25\bin\freetype.dll
0x00007ffd3ca90000 - 0x00007ffd3cb7e000 	C:\Program Files\jdk-25\bin\fontmanager.dll
0x00007ffd842d0000 - 0x00007ffd842d9000 	C:\Program Files\jdk-25\bin\syslookup.dll
0x00007ffd728b0000 - 0x00007ffd729f8000 	C:\WINDOWS\SYSTEM32\textinputframework.dll
0x00007ffd8c940000 - 0x00007ffd8ca67000 	C:\WINDOWS\SYSTEM32\CoreMessaging.dll
0x00007ffd89ba0000 - 0x00007ffd89e82000 	C:\WINDOWS\SYSTEM32\CoreUIComponents.dll
0x00007ffd8e7f0000 - 0x00007ffd8e7fc000 	C:\WINDOWS\SYSTEM32\CRYPTBASE.DLL
0x00007ffd926d0000 - 0x00007ffd9277e000 	C:\WINDOWS\System32\clbcatq.dll
0x00007ffd8b0e0000 - 0x00007ffd8b30e000 	C:\WINDOWS\SYSTEM32\WindowsCodecs.dll
0x00007ffd6c5d0000 - 0x00007ffd6c62a000 	C:\WINDOWS\system32\dataexchange.dll
0x00007ffd845a0000 - 0x00007ffd847ed000 	C:\WINDOWS\system32\twinapi.appcore.dll
0x00007ffd8e7d0000 - 0x00007ffd8e7eb000 	C:\WINDOWS\SYSTEM32\CRYPTSP.dll
0x00007ffd8dee0000 - 0x00007ffd8df19000 	C:\WINDOWS\system32\rsaenh.dll
0x00007ffd8e5a0000 - 0x00007ffd8e5d3000 	C:\WINDOWS\SYSTEM32\USERENV.dll
0x00007ffd8d980000 - 0x00007ffd8d9b2000 	C:\WINDOWS\SYSTEM32\IPHLPAPI.DLL
0x00007ffd927a0000 - 0x00007ffd927aa000 	C:\WINDOWS\System32\NSI.dll
0x00007ffd8da10000 - 0x00007ffd8db42000 	C:\WINDOWS\SYSTEM32\DNSAPI.dll
0x00007ffd83330000 - 0x00007ffd8333b000 	C:\Windows\System32\rasadhlp.dll
0x00007ffd85350000 - 0x00007ffd853d6000 	C:\WINDOWS\System32\fwpuclnt.dll
0x00007ffd79840000 - 0x00007ffd79849000 	C:\Program Files\jdk-25\bin\extnet.dll
0x00007ffd60000000 - 0x00007ffd6000e000 	C:\Program Files\jdk-25\bin\sunmscapi.dll
0x00007ffd8f990000 - 0x00007ffd8fb07000 	C:\WINDOWS\System32\CRYPT32.dll
0x00007ffd8e9f0000 - 0x00007ffd8ea20000 	C:\WINDOWS\SYSTEM32\ncrypt.dll
0x00007ffd8e9a0000 - 0x00007ffd8e9df000 	C:\WINDOWS\SYSTEM32\NTASN1.dll

JVMTI agents: none

dbghelp: loaded successfully - version: 4.0.5 - missing functions: none
symbol engine: initialized successfully - sym options: 0x614 - pdb path: .;C:\Program Files\jdk-25\bin;C:\WINDOWS\SYSTEM32;C:\WINDOWS\WinSxS\amd64_microsoft.windows.common-controls_6595b64144ccf1df_6.0.26100.8115_none_3e075c82e3354f9c;C:\Program Files\jdk-25\bin\server;C:\WINDOWS\System32\DriverStore\FileRepository\u0198974.inf_amd64_dcac9659486b668a\B025819

VM Arguments:
jvm_args: -Dfile.encoding=UTF-8 -Dsun.jnu.encoding=UTF-8 -Dsun.stdout.encoding=UTF-8 -Dsun.stderr.encoding=UTF-8 -Dconsole.encoding=UTF-8 
java_command: copercog.model.Copercog
java_class_path (initial): C:\Desenvolvimento\mavenproject3COPERCOG\target\classes;C:\Users\Doom\.m2\repository\org\hibernate\orm\hibernate-core\7.3.0.Final\hibernate-core-7.3.0.Final.jar;C:\Users\Doom\.m2\repository\jakarta\persistence\jakarta.persistence-api\3.2.0\jakarta.persistence-api-3.2.0.jar;C:\Users\Doom\.m2\repository\jakarta\transaction\jakarta.transaction-api\2.0.1\jakarta.transaction-api-2.0.1.jar;C:\Users\Doom\.m2\repository\org\jboss\logging\jboss-logging\3.6.1.Final\jboss-logging-3.6.1.Final.jar;C:\Users\Doom\.m2\repository\org\hibernate\models\hibernate-models\1.1.0\hibernate-models-1.1.0.jar;C:\Users\Doom\.m2\repository\net\bytebuddy\byte-buddy\1.18.7\byte-buddy-1.18.7.jar;C:\Users\Doom\.m2\repository\jakarta\xml\bind\jakarta.xml.bind-api\4.0.4\jakarta.xml.bind-api-4.0.4.jar;C:\Users\Doom\.m2\repository\jakarta\activation\jakarta.activation-api\2.1.4\jakarta.activation-api-2.1.4.jar;C:\Users\Doom\.m2\repository\org\glassfish\jaxb\jaxb-runtime\4.0.6\jaxb-runtime-4.0.6.jar;C:\Users\Doom\.m2\repository\org\glassfish\jaxb\jaxb-core\4.0.6\jaxb-core-4.0.6.jar;C:\Users\Doom\.m2\repository\org\eclipse\angus\angus-activation\2.0.3\angus-activation-2.0.3.jar;C:\Users\Doom\.m2\repository\org\glassfish\jaxb\txw2\4.0.6\txw2-4.0.6.jar;C:\Users\Doom\.m2\repository\com\sun\istack\istack-commons-runtime\4.1.2\istack-commons-runtime-4.1.2.jar;C:\Users\Doom\.m2\repository\jakarta\inject\jakarta.inject-api\2.0.1\jakarta.inject-api-2.0.1.jar;C:\Users\Doom\.m2\repository\org\antlr\antlr4-runtime\4.13.2\antlr4-runtime-4.13.2.jar;C:\Users\Doom\.m2\repository\com\mysql\mysql-connector-j\9.5.0\mysql-connector-j-9.5.0.jar;C:\Users\Doom\.m2\repository\com\google\protobuf\protobuf-java\4.31.1\protobuf-java-4.31.1.jar
Launcher Type: SUN_STANDARD

[Global flags]
     intx CICompilerCount                          = 4                                         {product} {ergonomic}
     uint ConcGCThreads                            = 3                                         {product} {ergonomic}
     uint G1ConcRefinementThreads                  = 10                                        {product} {ergonomic}
   size_t G1HeapRegionSize                         = 4194304                                   {product} {ergonomic}
   size_t InitialHeapSize                          = 536870912                                 {product} {ergonomic}
   size_t MarkStackSize                            = 4194304                                   {product} {ergonomic}
   size_t MarkStackSizeMax                         = 536870912                                 {product} {ergonomic}
   size_t MaxHeapSize                              = 8573157376                                {product} {ergonomic}
   size_t MaxNewSize                               = 5142216704                                {product} {ergonomic}
   size_t MinHeapDeltaBytes                        = 4194304                                   {product} {ergonomic}
   size_t MinHeapSize                              = 8388608                                   {product} {ergonomic}
    uintx NonNMethodCodeHeapSize                   = 5832704                                {pd product} {ergonomic}
    uintx NonProfiledCodeHeapSize                  = 122945536                              {pd product} {ergonomic}
    uintx ProfiledCodeHeapSize                     = 122880000                              {pd product} {ergonomic}
    uintx ReservedCodeCacheSize                    = 251658240                              {pd product} {ergonomic}
     bool SegmentedCodeCache                       = true                                      {product} {ergonomic}
   size_t SoftMaxHeapSize                          = 8573157376                             {manageable} {ergonomic}
     bool UseCompressedOops                        = true                           {product lp64_product} {ergonomic}
     bool UseG1GC                                  = true                                      {product} {ergonomic}
     bool UseLargePagesIndividualAllocation        = false                                  {pd product} {ergonomic}

Logging:
Log output configuration:
 #0: stdout all=warning uptime,level,tags foldmultilines=false
 #1: stderr all=off uptime,level,tags foldmultilines=false

Release file:
IMPLEMENTOR="Oracle Corporation" 
JAVA_RUNTIME_VERSION="25+37-LTS-3491" 
JAVA_VERSION="25" 
JAVA_VERSION_DATE="2025-09-16" 
LIBC="default" 
MODULES="java.base java.compiler java.datatransfer java.xml java.prefs java.desktop java.instrument java.logging java.management java.security.sasl java.naming java.rmi java.management.rmi java.net.http java.scripting java.security.jgss java.transaction.xa java.sql java.sql.rowset java.xml.crypto java.se java.smartcardio jdk.accessibility jdk.internal.jvmstat jdk.attach jdk.charsets jdk.internal.opt jdk.zipfs jdk.compiler jdk.crypto.cryptoki jdk.crypto.ec jdk.crypto.mscapi jdk.dynalink jdk.internal.ed jdk.editpad jdk.internal.vm.ci jdk.graal.compiler jdk.graal.compiler.management jdk.hotspot.agent jdk.httpserver jdk.incubator.vector jdk.internal.le jdk.internal.md jdk.jartool jdk.javadoc jdk.jcmd jdk.management jdk.management.agent jdk.jconsole jdk.jdeps jdk.jdwp.agent jdk.jdi jdk.jfr jdk.jlink jdk.jpackage jdk.jshell jdk.jsobject jdk.jstatd jdk.localedata jdk.management.jfr jdk.naming.dns jdk.naming.rmi jdk.net jdk.nio.mapmode jdk.sctp jdk.security.auth jdk.security.jgss jdk.unsupported jdk.unsupported.desktop jdk.xml.dom" 
OS_ARCH="x86_64" 
OS_NAME="Windows" 
SOURCE=".:git:49d6a23b8806 open:git:6c48f4ed707b" 

Environment Variables:
JAVA_HOME=C:\Program Files\jdk-25
JAVA_TOOL_OPTIONS=-Dfile.encoding=UTF-8 -Dsun.jnu.encoding=UTF-8 -Dsun.stdout.encoding=UTF-8 -Dsun.stderr.encoding=UTF-8 -Dconsole.encoding=UTF-8
PATH=C:\WINDOWS\system32;C:\WINDOWS;C:\WINDOWS\System32\Wbem;C:\WINDOWS\System32\WindowsPowerShell\v1.0\;C:\WINDOWS\System32\OpenSSH\;C:\Program Files\dotnet\;C:\ProgramData\UNIVALI\Portugol Studio;C:\Program Files\Git\cmd;C:\Program Files\MySQL\MySQL Shell 8.0\bin\;C:\Users\Doom\AppData\Local\Microsoft\WindowsApps;C:\Users\Doom\.dotnet\tools;C:\Program Files\jdk-25\bin;C:\Users\Doom\AppData\Local\GitHubDesktop\bin;C:\Users\Doom\AppData\Local\Programs\Microsoft VS Code\bin
USERNAME=Doom
OS=Windows_NT
PROCESSOR_IDENTIFIER=AMD64 Family 23 Model 113 Stepping 0, AuthenticAMD
TMP=C:\Users\Doom\AppData\Local\Temp
TEMP=C:\Users\Doom\AppData\Local\Temp




Compilation memory statistics disabled.

Periodic native trim disabled

---------------  S Y S T E M  ---------------

OS:
 Windows 11 , 64 bit Build 26100 (10.0.26100.8246)
OS uptime: 11 days 21:04 hours

CPU: total 12 (initial active 12) (12 cores per cpu, 2 threads per core) family 23 model 113 stepping 0 microcode 0x8701021, cx8, cmov, fxsr, ht, mmx, 3dnowpref, sse, sse2, sse3, ssse3, sse4a, sse4.1, sse4.2, popcnt, lzcnt, tsc, tscinvbit, avx, avx2, aes, clmul, bmi1, bmi2, adx, sha, fma, vzeroupper, clflush, clflushopt, clwb, rdtscp, rdpid, f16c
Processor Information for the first 12 processors :
  Max Mhz: 3600, Current Mhz: 3600, Mhz Limit: 3600

Memory: 4k page, system-wide physical 32691M (20149M free)
TotalPageFile size 34739M (AvailPageFile size 14021M)
current process WorkingSet (physical memory assigned to process): 434M, peak: 467M
current process commit charge ("private bytes"): 567M, peak: 779M

vm_info: Java HotSpot(TM) 64-Bit Server VM (25+37-LTS-3491) for windows-amd64 JRE (25+37-LTS-3491), built on 2025-08-14T21:13:00Z with unknown MS VC++:1943

END.
